<?xml version="1.0" encoding="UTF-8"?>
<robot generator="Robot 4.0.1 (Python 3.9.0+ on linux)" generated="20210427 08:59:30.444" rpa="false" schemaversion="2">
<suite id="s1" name="Test" source="/home/tesla/Documents/code/python/fligno-test/test">
<suite id="s1-s1" name="Test Book Create" source="/home/tesla/Documents/code/python/fligno-test/test/test_book_create.robot">
<test id="s1-s1-t1" name="Scenario: Adding a new Book Entry">
<kw name="Open Main Page using Chrome Browser and Login" library="resources" type="SETUP">
<kw name="Open Main Page using Chrome Browser" library="resources">
<kw name="Open Browser" library="SeleniumLibrary">
<arg>${mainpage}</arg>
<arg>Chrome</arg>
<doc>Opens a new browser instance to the optional ``url``.</doc>
<msg timestamp="20210427 08:59:30.777" level="INFO">Opening browser 'Chrome' to base url 'http://localhost:8000/library/'.</msg>
<status status="PASS" starttime="20210427 08:59:30.777" endtime="20210427 08:59:33.811"/>
</kw>
<kw name="Maximize Browser Window" library="SeleniumLibrary">
<doc>Maximizes current browser window.</doc>
<status status="PASS" starttime="20210427 08:59:33.811" endtime="20210427 08:59:33.914"/>
</kw>
<status status="PASS" starttime="20210427 08:59:30.776" endtime="20210427 08:59:33.915"/>
</kw>
<kw name="Click Login Link" library="navbar_links">
<kw name="Wait Until Element Is Enabled" library="SeleniumLibrary">
<arg>${LINK_LOGIN}</arg>
<doc>Waits until the element ``locator`` is enabled.</doc>
<status status="PASS" starttime="20210427 08:59:33.915" endtime="20210427 08:59:33.939"/>
</kw>
<kw name="Click Element" library="SeleniumLibrary">
<arg>${LINK_LOGIN}</arg>
<doc>Click the element identified by ``locator``.</doc>
<msg timestamp="20210427 08:59:33.940" level="INFO">Clicking element '//a[contains(text(),"Log In")]'.</msg>
<status status="PASS" starttime="20210427 08:59:33.939" endtime="20210427 08:59:34.041"/>
</kw>
<status status="PASS" starttime="20210427 08:59:33.915" endtime="20210427 08:59:34.041"/>
</kw>
<kw name="Input Username and Password" library="login">
<arg>admin1500</arg>
<arg>password1500</arg>
<kw name="Input Username" library="login_page">
<arg>${username}</arg>
<kw name="Wait Until Element Is Visible" library="SeleniumLibrary">
<arg>${FIELD_USERNAME}</arg>
<doc>Waits until the element ``locator`` is visible.</doc>
<status status="PASS" starttime="20210427 08:59:34.042" endtime="20210427 08:59:34.062"/>
</kw>
<kw name="Input Text" library="SeleniumLibrary">
<arg>${FIELD_USERNAME}</arg>
<arg>${username}</arg>
<doc>Types the given ``text`` into the text field identified by ``locator``.</doc>
<msg timestamp="20210427 08:59:34.062" level="INFO">Typing text 'admin1500' into text field 'id_login'.</msg>
<status status="PASS" starttime="20210427 08:59:34.062" endtime="20210427 08:59:34.122"/>
</kw>
<status status="PASS" starttime="20210427 08:59:34.041" endtime="20210427 08:59:34.122"/>
</kw>
<kw name="Login Button Should Be Enabled" library="login_page">
<kw name="Wait Until Element Is Enabled" library="SeleniumLibrary">
<arg>${BUTTON_SUBMIT}</arg>
<doc>Waits until the element ``locator`` is enabled.</doc>
<status status="PASS" starttime="20210427 08:59:34.122" endtime="20210427 08:59:34.141"/>
</kw>
<kw name="Element Should Be Enabled" library="SeleniumLibrary">
<arg>${BUTTON_SUBMIT}</arg>
<doc>Verifies that element identified by ``locator`` is enabled.</doc>
<status status="PASS" starttime="20210427 08:59:34.141" endtime="20210427 08:59:34.153"/>
</kw>
<status status="PASS" starttime="20210427 08:59:34.122" endtime="20210427 08:59:34.153"/>
</kw>
<kw name="Input Password" library="login_page">
<arg>${password}</arg>
<kw name="Wait Until Element Is Visible" library="SeleniumLibrary">
<arg>${FIELD_PASSWORD}</arg>
<doc>Waits until the element ``locator`` is visible.</doc>
<status status="PASS" starttime="20210427 08:59:34.154" endtime="20210427 08:59:34.172"/>
</kw>
<kw name="Input Text" library="SeleniumLibrary">
<arg>${FIELD_PASSWORD}</arg>
<arg>${password}</arg>
<doc>Types the given ``text`` into the text field identified by ``locator``.</doc>
<msg timestamp="20210427 08:59:34.173" level="INFO">Typing text 'password1500' into text field 'id_password'.</msg>
<status status="PASS" starttime="20210427 08:59:34.172" endtime="20210427 08:59:34.232"/>
</kw>
<status status="PASS" starttime="20210427 08:59:34.153" endtime="20210427 08:59:34.232"/>
</kw>
<status status="PASS" starttime="20210427 08:59:34.041" endtime="20210427 08:59:34.232"/>
</kw>
<kw name="Click Login Button" library="login_page">
<kw name="Wait Until Element Is Enabled" library="SeleniumLibrary">
<arg>${BUTTON_SUBMIT}</arg>
<doc>Waits until the element ``locator`` is enabled.</doc>
<status status="PASS" starttime="20210427 08:59:34.233" endtime="20210427 08:59:34.245"/>
</kw>
<kw name="Click Element" library="SeleniumLibrary">
<arg>${BUTTON_SUBMIT}</arg>
<doc>Click the element identified by ``locator``.</doc>
<msg timestamp="20210427 08:59:34.245" level="INFO">Clicking element '//button[contains(text(),"Log ")]'.</msg>
<status status="PASS" starttime="20210427 08:59:34.245" endtime="20210427 08:59:35.828"/>
</kw>
<status status="PASS" starttime="20210427 08:59:34.232" endtime="20210427 08:59:35.829"/>
</kw>
<status status="PASS" starttime="20210427 08:59:30.776" endtime="20210427 08:59:35.829"/>
</kw>
<kw name="When the User Fill out the form completely">
<kw name="Name" library="FakerLibrary">
<var>${INPUT.title}</var>
<doc>:example 'John Doe'</doc>
<msg timestamp="20210427 08:59:35.834" level="INFO">${INPUT.title} = Barbara Byrd</msg>
<status status="PASS" starttime="20210427 08:59:35.832" endtime="20210427 08:59:35.834"/>
</kw>
<kw name="Paragraph" library="FakerLibrary">
<var>${INPUT.review}</var>
<doc>Generate a paragraph.</doc>
<msg timestamp="20210427 08:59:35.835" level="INFO">${INPUT.review} = Else fire total.</msg>
<status status="PASS" starttime="20210427 08:59:35.834" endtime="20210427 08:59:35.835"/>
</kw>
<kw name="Paragraph" library="FakerLibrary">
<var>${INPUT.summary}</var>
<doc>Generate a paragraph.</doc>
<msg timestamp="20210427 08:59:35.837" level="INFO">${INPUT.summary} = Language drop for time. Opportunity husband toward time into need off.</msg>
<status status="PASS" starttime="20210427 08:59:35.836" endtime="20210427 08:59:35.837"/>
</kw>
<kw name="Random Digit Not Null Or Empty" library="FakerLibrary">
<var>${INPUT.rating}</var>
<doc>Generate a random non-zero digit (1 to 9) or an empty string.</doc>
<msg timestamp="20210427 08:59:35.838" level="INFO">${INPUT.rating} = 9</msg>
<status status="PASS" starttime="20210427 08:59:35.837" endtime="20210427 08:59:35.838"/>
</kw>
<kw name="Click book add button" library="library_page">
<kw name="Wait Until Element Is Enabled" library="SeleniumLibrary">
<arg>${add_button}</arg>
<doc>Waits until the element ``locator`` is enabled.</doc>
<status status="PASS" starttime="20210427 08:59:35.840" endtime="20210427 08:59:35.883"/>
</kw>
<kw name="Click Button" library="SeleniumLibrary">
<arg>${add_button}</arg>
<doc>Clicks the button identified by ``locator``.</doc>
<msg timestamp="20210427 08:59:35.883" level="INFO">Clicking button 'book-add'.</msg>
<status status="PASS" starttime="20210427 08:59:35.883" endtime="20210427 08:59:35.987"/>
</kw>
<status status="PASS" starttime="20210427 08:59:35.839" endtime="20210427 08:59:35.987"/>
</kw>
<kw name="Input the whole form with" library="add_books">
<arg>&amp;{INPUT}</arg>
<kw name="Input Title" library="bookscreate_page">
<arg>${input}[title]</arg>
<kw name="Wait Until Element Is Enabled" library="SeleniumLibrary">
<arg>${field_title}</arg>
<doc>Waits until the element ``locator`` is enabled.</doc>
<status status="PASS" starttime="20210427 08:59:35.988" endtime="20210427 08:59:36.012"/>
</kw>
<kw name="Input Text" library="SeleniumLibrary">
<arg>${field_title}</arg>
<arg>${title}</arg>
<doc>Types the given ``text`` into the text field identified by ``locator``.</doc>
<msg timestamp="20210427 08:59:36.012" level="INFO">Typing text 'Barbara Byrd' into text field 'id_title'.</msg>
<status status="PASS" starttime="20210427 08:59:36.012" endtime="20210427 08:59:36.078"/>
</kw>
<status status="PASS" starttime="20210427 08:59:35.987" endtime="20210427 08:59:36.078"/>
</kw>
<kw name=" Input Summary" library="bookscreate_page">
<arg>${input}[summary]</arg>
<kw name="Wait Until Element Is Enabled" library="SeleniumLibrary">
<arg>${field_summary}</arg>
<doc>Waits until the element ``locator`` is enabled.</doc>
<status status="PASS" starttime="20210427 08:59:36.078" endtime="20210427 08:59:36.099"/>
</kw>
<kw name="Input Text" library="SeleniumLibrary">
<arg>${field_summary}</arg>
<arg>${summary}</arg>
<doc>Types the given ``text`` into the text field identified by ``locator``.</doc>
<msg timestamp="20210427 08:59:36.099" level="INFO">Typing text 'Language drop for time. Opportunity husband toward time into need off.' into text field 'id_summary'.</msg>
<status status="PASS" starttime="20210427 08:59:36.099" endtime="20210427 08:59:36.181"/>
</kw>
<status status="PASS" starttime="20210427 08:59:36.078" endtime="20210427 08:59:36.181"/>
</kw>
<kw name="Input Review" library="bookscreate_page">
<arg>${input}[review]</arg>
<kw name="Wait Until Element Is Enabled" library="SeleniumLibrary">
<arg>${field_review}</arg>
<doc>Waits until the element ``locator`` is enabled.</doc>
<status status="PASS" starttime="20210427 08:59:36.182" endtime="20210427 08:59:36.202"/>
</kw>
<kw name="Input Text" library="SeleniumLibrary">
<arg>${field_review}</arg>
<arg>${review}</arg>
<doc>Types the given ``text`` into the text field identified by ``locator``.</doc>
<msg timestamp="20210427 08:59:36.202" level="INFO">Typing text 'Else fire total.' into text field 'id_review'.</msg>
<status status="PASS" starttime="20210427 08:59:36.202" endtime="20210427 08:59:36.263"/>
</kw>
<status status="PASS" starttime="20210427 08:59:36.181" endtime="20210427 08:59:36.263"/>
</kw>
<kw name="Input Rating" library="bookscreate_page">
<arg>${input}[rating]</arg>
<kw name="Wait Until Element Is Enabled" library="SeleniumLibrary">
<arg>${field_rating}</arg>
<doc>Waits until the element ``locator`` is enabled.</doc>
<status status="PASS" starttime="20210427 08:59:36.263" endtime="20210427 08:59:36.282"/>
</kw>
<kw name="Input Text" library="SeleniumLibrary">
<arg>${field_rating}</arg>
<arg>${rating}</arg>
<doc>Types the given ``text`` into the text field identified by ``locator``.</doc>
<msg timestamp="20210427 08:59:36.282" level="INFO">Typing text '9' into text field 'id_rating'.</msg>
<status status="PASS" starttime="20210427 08:59:36.282" endtime="20210427 08:59:36.337"/>
</kw>
<status status="PASS" starttime="20210427 08:59:36.263" endtime="20210427 08:59:36.337"/>
</kw>
<kw name="Select random Category" library="add_books">
<kw name="Get Category Count" library="bookscreate_page">
<var>${len}</var>
<kw name="Get Element Count" library="SeleniumLibrary">
<var>${count}</var>
<arg>${category_options}</arg>
<doc>Returns the number of elements matching ``locator``.</doc>
<msg timestamp="20210427 08:59:36.347" level="INFO">${count} = 5</msg>
<status status="PASS" starttime="20210427 08:59:36.338" endtime="20210427 08:59:36.347"/>
</kw>
<msg timestamp="20210427 08:59:36.347" level="INFO">${len} = 5</msg>
<status status="PASS" starttime="20210427 08:59:36.338" endtime="20210427 08:59:36.347"/>
</kw>
<kw name="Random Digit" library="FakerLibrary">
<var>${steps}</var>
<doc>Generate a random digit (0 to 9).</doc>
<msg timestamp="20210427 08:59:36.347" level="INFO">${steps} = 5</msg>
<status status="PASS" starttime="20210427 08:59:36.347" endtime="20210427 08:59:36.347"/>
</kw>
<kw name="Random Int" library="FakerLibrary">
<var>${val}</var>
<arg>min=1</arg>
<arg>max=${len}</arg>
<arg>step=${steps}</arg>
<doc>Generate a random integer between two integers ``min`` and ``max`` inclusive
while observing the provided ``step`` value.</doc>
<msg timestamp="20210427 08:59:36.348" level="INFO">${val} = 1</msg>
<status status="PASS" starttime="20210427 08:59:36.347" endtime="20210427 08:59:36.348"/>
</kw>
<kw name="Select a Category" library="bookscreate_page">
<arg>${val}</arg>
<kw name="Select From List By Value" library="SeleniumLibrary">
<arg>${select_category}</arg>
<arg>${value}</arg>
<doc>Selects options from selection list ``locator`` by ``values``.</doc>
<msg timestamp="20210427 08:59:36.349" level="INFO">Selecting options from selection list 'id_category' by value 1.</msg>
<status status="PASS" starttime="20210427 08:59:36.348" endtime="20210427 08:59:36.380"/>
</kw>
<status status="PASS" starttime="20210427 08:59:36.348" endtime="20210427 08:59:36.381"/>
</kw>
<kw name="Log" library="BuiltIn">
<arg>${val}</arg>
<doc>Logs the given message with the given level.</doc>
<msg timestamp="20210427 08:59:36.381" level="INFO">1</msg>
<status status="PASS" starttime="20210427 08:59:36.381" endtime="20210427 08:59:36.381"/>
</kw>
<kw name="Log" library="BuiltIn">
<arg>${steps}</arg>
<doc>Logs the given message with the given level.</doc>
<msg timestamp="20210427 08:59:36.381" level="INFO">5</msg>
<status status="PASS" starttime="20210427 08:59:36.381" endtime="20210427 08:59:36.381"/>
</kw>
<status status="PASS" starttime="20210427 08:59:36.338" endtime="20210427 08:59:36.381"/>
</kw>
<kw name="Select the condition" library="bookscreate_page">
<arg>1</arg>
<kw name="Select Radio Button" library="SeleniumLibrary">
<arg>condition</arg>
<arg>${value}</arg>
<doc>Sets the radio button group ``group_name`` to ``value``.</doc>
<msg timestamp="20210427 08:59:36.382" level="INFO">Selecting '1' from radio button 'condition'.</msg>
<status status="PASS" starttime="20210427 08:59:36.382" endtime="20210427 08:59:36.429"/>
</kw>
<status status="PASS" starttime="20210427 08:59:36.381" endtime="20210427 08:59:36.429"/>
</kw>
<status status="PASS" starttime="20210427 08:59:35.987" endtime="20210427 08:59:36.429"/>
</kw>
<status status="PASS" starttime="20210427 08:59:35.830" endtime="20210427 08:59:36.429"/>
</kw>
<kw name="And Click Submit Add Button" library="bookscreate_page">
<kw name="Wait Until Element Is Enabled" library="SeleniumLibrary">
<arg>${button_add_submit}</arg>
<doc>Waits until the element ``locator`` is enabled.</doc>
<status status="PASS" starttime="20210427 08:59:36.430" endtime="20210427 08:59:36.449"/>
</kw>
<kw name="Click Button" library="SeleniumLibrary">
<arg>${button_add_submit}</arg>
<doc>Clicks the button identified by ``locator``.</doc>
<msg timestamp="20210427 08:59:36.450" level="INFO">Clicking button 'btn_submit'.</msg>
<status status="PASS" starttime="20210427 08:59:36.449" endtime="20210427 08:59:36.644"/>
</kw>
<status status="PASS" starttime="20210427 08:59:36.430" endtime="20210427 08:59:36.644"/>
</kw>
<kw name="Then Prompted with successfully added message" library="library_page">
<kw name="Wait Until Element Is Enabled" library="SeleniumLibrary">
<arg>${message}</arg>
<doc>Waits until the element ``locator`` is enabled.</doc>
<status status="PASS" starttime="20210427 08:59:36.645" endtime="20210427 08:59:36.670"/>
</kw>
<kw name="Element Should Be Enabled" library="SeleniumLibrary">
<arg>${message}</arg>
<doc>Verifies that element identified by ``locator`` is enabled.</doc>
<status status="PASS" starttime="20210427 08:59:36.670" endtime="20210427 08:59:36.685"/>
</kw>
<kw name="Element Should Contain" library="SeleniumLibrary">
<arg>${message}</arg>
<arg>Successfully added</arg>
<doc>Verifies that element ``locator`` contains text ``expected``.</doc>
<msg timestamp="20210427 08:59:36.704" level="INFO">Element 'notif-message' contains text 'Successfully added'.</msg>
<status status="PASS" starttime="20210427 08:59:36.685" endtime="20210427 08:59:36.704"/>
</kw>
<status status="PASS" starttime="20210427 08:59:36.644" endtime="20210427 08:59:36.704"/>
</kw>
<kw name="Close Browser" library="SeleniumLibrary" type="TEARDOWN">
<doc>Closes the current browser.</doc>
<status status="PASS" starttime="20210427 08:59:36.704" endtime="20210427 08:59:36.771"/>
</kw>
<status status="PASS" starttime="20210427 08:59:30.775" endtime="20210427 08:59:36.771"/>
</test>
<test id="s1-s1-t2" name="Scenario: Adding a new Book with no Title">
<kw name="Open Main Page using Chrome Browser and Login" library="resources" type="SETUP">
<kw name="Open Main Page using Chrome Browser" library="resources">
<kw name="Open Browser" library="SeleniumLibrary">
<arg>${mainpage}</arg>
<arg>Chrome</arg>
<doc>Opens a new browser instance to the optional ``url``.</doc>
<msg timestamp="20210427 08:59:36.778" level="INFO">Opening browser 'Chrome' to base url 'http://localhost:8000/library/'.</msg>
<status status="PASS" starttime="20210427 08:59:36.777" endtime="20210427 08:59:39.654"/>
</kw>
<kw name="Maximize Browser Window" library="SeleniumLibrary">
<doc>Maximizes current browser window.</doc>
<status status="PASS" starttime="20210427 08:59:39.654" endtime="20210427 08:59:39.759"/>
</kw>
<status status="PASS" starttime="20210427 08:59:36.776" endtime="20210427 08:59:39.759"/>
</kw>
<kw name="Click Login Link" library="navbar_links">
<kw name="Wait Until Element Is Enabled" library="SeleniumLibrary">
<arg>${LINK_LOGIN}</arg>
<doc>Waits until the element ``locator`` is enabled.</doc>
<status status="PASS" starttime="20210427 08:59:39.760" endtime="20210427 08:59:39.800"/>
</kw>
<kw name="Click Element" library="SeleniumLibrary">
<arg>${LINK_LOGIN}</arg>
<doc>Click the element identified by ``locator``.</doc>
<msg timestamp="20210427 08:59:39.801" level="INFO">Clicking element '//a[contains(text(),"Log In")]'.</msg>
<status status="PASS" starttime="20210427 08:59:39.800" endtime="20210427 08:59:39.944"/>
</kw>
<status status="PASS" starttime="20210427 08:59:39.759" endtime="20210427 08:59:39.944"/>
</kw>
<kw name="Input Username and Password" library="login">
<arg>admin1500</arg>
<arg>password1500</arg>
<kw name="Input Username" library="login_page">
<arg>${username}</arg>
<kw name="Wait Until Element Is Visible" library="SeleniumLibrary">
<arg>${FIELD_USERNAME}</arg>
<doc>Waits until the element ``locator`` is visible.</doc>
<status status="PASS" starttime="20210427 08:59:39.945" endtime="20210427 08:59:39.970"/>
</kw>
<kw name="Input Text" library="SeleniumLibrary">
<arg>${FIELD_USERNAME}</arg>
<arg>${username}</arg>
<doc>Types the given ``text`` into the text field identified by ``locator``.</doc>
<msg timestamp="20210427 08:59:39.970" level="INFO">Typing text 'admin1500' into text field 'id_login'.</msg>
<status status="PASS" starttime="20210427 08:59:39.970" endtime="20210427 08:59:40.042"/>
</kw>
<status status="PASS" starttime="20210427 08:59:39.945" endtime="20210427 08:59:40.042"/>
</kw>
<kw name="Login Button Should Be Enabled" library="login_page">
<kw name="Wait Until Element Is Enabled" library="SeleniumLibrary">
<arg>${BUTTON_SUBMIT}</arg>
<doc>Waits until the element ``locator`` is enabled.</doc>
<status status="PASS" starttime="20210427 08:59:40.043" endtime="20210427 08:59:40.065"/>
</kw>
<kw name="Element Should Be Enabled" library="SeleniumLibrary">
<arg>${BUTTON_SUBMIT}</arg>
<doc>Verifies that element identified by ``locator`` is enabled.</doc>
<status status="PASS" starttime="20210427 08:59:40.065" endtime="20210427 08:59:40.081"/>
</kw>
<status status="PASS" starttime="20210427 08:59:40.043" endtime="20210427 08:59:40.081"/>
</kw>
<kw name="Input Password" library="login_page">
<arg>${password}</arg>
<kw name="Wait Until Element Is Visible" library="SeleniumLibrary">
<arg>${FIELD_PASSWORD}</arg>
<doc>Waits until the element ``locator`` is visible.</doc>
<status status="PASS" starttime="20210427 08:59:40.082" endtime="20210427 08:59:40.102"/>
</kw>
<kw name="Input Text" library="SeleniumLibrary">
<arg>${FIELD_PASSWORD}</arg>
<arg>${password}</arg>
<doc>Types the given ``text`` into the text field identified by ``locator``.</doc>
<msg timestamp="20210427 08:59:40.103" level="INFO">Typing text 'password1500' into text field 'id_password'.</msg>
<status status="PASS" starttime="20210427 08:59:40.102" endtime="20210427 08:59:40.173"/>
</kw>
<status status="PASS" starttime="20210427 08:59:40.082" endtime="20210427 08:59:40.173"/>
</kw>
<status status="PASS" starttime="20210427 08:59:39.944" endtime="20210427 08:59:40.173"/>
</kw>
<kw name="Click Login Button" library="login_page">
<kw name="Wait Until Element Is Enabled" library="SeleniumLibrary">
<arg>${BUTTON_SUBMIT}</arg>
<doc>Waits until the element ``locator`` is enabled.</doc>
<status status="PASS" starttime="20210427 08:59:40.173" endtime="20210427 08:59:40.189"/>
</kw>
<kw name="Click Element" library="SeleniumLibrary">
<arg>${BUTTON_SUBMIT}</arg>
<doc>Click the element identified by ``locator``.</doc>
<msg timestamp="20210427 08:59:40.190" level="INFO">Clicking element '//button[contains(text(),"Log ")]'.</msg>
<status status="PASS" starttime="20210427 08:59:40.189" endtime="20210427 08:59:41.560"/>
</kw>
<status status="PASS" starttime="20210427 08:59:40.173" endtime="20210427 08:59:41.561"/>
</kw>
<status status="PASS" starttime="20210427 08:59:36.775" endtime="20210427 08:59:41.561"/>
</kw>
<kw name="When the User Fill out the form without title">
<kw name="the User Fill out the form completely">
<kw name="Name" library="FakerLibrary">
<var>${INPUT.title}</var>
<doc>:example 'John Doe'</doc>
<msg timestamp="20210427 08:59:41.567" level="INFO">${INPUT.title} = Denise Ballard MD</msg>
<status status="PASS" starttime="20210427 08:59:41.564" endtime="20210427 08:59:41.567"/>
</kw>
<kw name="Paragraph" library="FakerLibrary">
<var>${INPUT.review}</var>
<doc>Generate a paragraph.</doc>
<msg timestamp="20210427 08:59:41.569" level="INFO">${INPUT.review} = Deal trip produce include politics operation fact. Mission they increase remember father time school feeling.</msg>
<status status="PASS" starttime="20210427 08:59:41.568" endtime="20210427 08:59:41.569"/>
</kw>
<kw name="Paragraph" library="FakerLibrary">
<var>${INPUT.summary}</var>
<doc>Generate a paragraph.</doc>
<msg timestamp="20210427 08:59:41.570" level="INFO">${INPUT.summary} = Reason fear crime a ask. Employee ability find Republican feeling moment two.</msg>
<status status="PASS" starttime="20210427 08:59:41.569" endtime="20210427 08:59:41.570"/>
</kw>
<kw name="Random Digit Not Null Or Empty" library="FakerLibrary">
<var>${INPUT.rating}</var>
<doc>Generate a random non-zero digit (1 to 9) or an empty string.</doc>
<msg timestamp="20210427 08:59:41.571" level="INFO">${INPUT.rating} = </msg>
<status status="PASS" starttime="20210427 08:59:41.571" endtime="20210427 08:59:41.571"/>
</kw>
<kw name="Click book add button" library="library_page">
<kw name="Wait Until Element Is Enabled" library="SeleniumLibrary">
<arg>${add_button}</arg>
<doc>Waits until the element ``locator`` is enabled.</doc>
<status status="PASS" starttime="20210427 08:59:41.573" endtime="20210427 08:59:41.604"/>
</kw>
<kw name="Click Button" library="SeleniumLibrary">
<arg>${add_button}</arg>
<doc>Clicks the button identified by ``locator``.</doc>
<msg timestamp="20210427 08:59:41.605" level="INFO">Clicking button 'book-add'.</msg>
<status status="PASS" starttime="20210427 08:59:41.605" endtime="20210427 08:59:41.691"/>
</kw>
<status status="PASS" starttime="20210427 08:59:41.572" endtime="20210427 08:59:41.691"/>
</kw>
<kw name="Input the whole form with" library="add_books">
<arg>&amp;{INPUT}</arg>
<kw name="Input Title" library="bookscreate_page">
<arg>${input}[title]</arg>
<kw name="Wait Until Element Is Enabled" library="SeleniumLibrary">
<arg>${field_title}</arg>
<doc>Waits until the element ``locator`` is enabled.</doc>
<status status="PASS" starttime="20210427 08:59:41.692" endtime="20210427 08:59:41.717"/>
</kw>
<kw name="Input Text" library="SeleniumLibrary">
<arg>${field_title}</arg>
<arg>${title}</arg>
<doc>Types the given ``text`` into the text field identified by ``locator``.</doc>
<msg timestamp="20210427 08:59:41.718" level="INFO">Typing text 'Denise Ballard MD' into text field 'id_title'.</msg>
<status status="PASS" starttime="20210427 08:59:41.718" endtime="20210427 08:59:41.788"/>
</kw>
<status status="PASS" starttime="20210427 08:59:41.692" endtime="20210427 08:59:41.788"/>
</kw>
<kw name=" Input Summary" library="bookscreate_page">
<arg>${input}[summary]</arg>
<kw name="Wait Until Element Is Enabled" library="SeleniumLibrary">
<arg>${field_summary}</arg>
<doc>Waits until the element ``locator`` is enabled.</doc>
<status status="PASS" starttime="20210427 08:59:41.788" endtime="20210427 08:59:41.809"/>
</kw>
<kw name="Input Text" library="SeleniumLibrary">
<arg>${field_summary}</arg>
<arg>${summary}</arg>
<doc>Types the given ``text`` into the text field identified by ``locator``.</doc>
<msg timestamp="20210427 08:59:41.809" level="INFO">Typing text 'Reason fear crime a ask. Employee ability find Republican feeling moment two.' into text field 'id_summary'.</msg>
<status status="PASS" starttime="20210427 08:59:41.809" endtime="20210427 08:59:41.897"/>
</kw>
<status status="PASS" starttime="20210427 08:59:41.788" endtime="20210427 08:59:41.897"/>
</kw>
<kw name="Input Review" library="bookscreate_page">
<arg>${input}[review]</arg>
<kw name="Wait Until Element Is Enabled" library="SeleniumLibrary">
<arg>${field_review}</arg>
<doc>Waits until the element ``locator`` is enabled.</doc>
<status status="PASS" starttime="20210427 08:59:41.897" endtime="20210427 08:59:41.918"/>
</kw>
<kw name="Input Text" library="SeleniumLibrary">
<arg>${field_review}</arg>
<arg>${review}</arg>
<doc>Types the given ``text`` into the text field identified by ``locator``.</doc>
<msg timestamp="20210427 08:59:41.919" level="INFO">Typing text 'Deal trip produce include politics operation fact. Mission they increase remember father time school feeling.' into text field 'id_review'.</msg>
<status status="PASS" starttime="20210427 08:59:41.918" endtime="20210427 08:59:42.023"/>
</kw>
<status status="PASS" starttime="20210427 08:59:41.897" endtime="20210427 08:59:42.023"/>
</kw>
<kw name="Input Rating" library="bookscreate_page">
<arg>${input}[rating]</arg>
<kw name="Wait Until Element Is Enabled" library="SeleniumLibrary">
<arg>${field_rating}</arg>
<doc>Waits until the element ``locator`` is enabled.</doc>
<status status="PASS" starttime="20210427 08:59:42.024" endtime="20210427 08:59:42.046"/>
</kw>
<kw name="Input Text" library="SeleniumLibrary">
<arg>${field_rating}</arg>
<arg>${rating}</arg>
<doc>Types the given ``text`` into the text field identified by ``locator``.</doc>
<msg timestamp="20210427 08:59:42.046" level="INFO">Typing text '' into text field 'id_rating'.</msg>
<status status="PASS" starttime="20210427 08:59:42.046" endtime="20210427 08:59:42.104"/>
</kw>
<status status="PASS" starttime="20210427 08:59:42.024" endtime="20210427 08:59:42.104"/>
</kw>
<kw name="Select random Category" library="add_books">
<kw name="Get Category Count" library="bookscreate_page">
<var>${len}</var>
<kw name="Get Element Count" library="SeleniumLibrary">
<var>${count}</var>
<arg>${category_options}</arg>
<doc>Returns the number of elements matching ``locator``.</doc>
<msg timestamp="20210427 08:59:42.113" level="INFO">${count} = 5</msg>
<status status="PASS" starttime="20210427 08:59:42.105" endtime="20210427 08:59:42.113"/>
</kw>
<msg timestamp="20210427 08:59:42.113" level="INFO">${len} = 5</msg>
<status status="PASS" starttime="20210427 08:59:42.104" endtime="20210427 08:59:42.113"/>
</kw>
<kw name="Random Digit" library="FakerLibrary">
<var>${steps}</var>
<doc>Generate a random digit (0 to 9).</doc>
<msg timestamp="20210427 08:59:42.113" level="INFO">${steps} = 6</msg>
<status status="PASS" starttime="20210427 08:59:42.113" endtime="20210427 08:59:42.113"/>
</kw>
<kw name="Random Int" library="FakerLibrary">
<var>${val}</var>
<arg>min=1</arg>
<arg>max=${len}</arg>
<arg>step=${steps}</arg>
<doc>Generate a random integer between two integers ``min`` and ``max`` inclusive
while observing the provided ``step`` value.</doc>
<msg timestamp="20210427 08:59:42.114" level="INFO">${val} = 1</msg>
<status status="PASS" starttime="20210427 08:59:42.114" endtime="20210427 08:59:42.114"/>
</kw>
<kw name="Select a Category" library="bookscreate_page">
<arg>${val}</arg>
<kw name="Select From List By Value" library="SeleniumLibrary">
<arg>${select_category}</arg>
<arg>${value}</arg>
<doc>Selects options from selection list ``locator`` by ``values``.</doc>
<msg timestamp="20210427 08:59:42.115" level="INFO">Selecting options from selection list 'id_category' by value 1.</msg>
<status status="PASS" starttime="20210427 08:59:42.114" endtime="20210427 08:59:42.146"/>
</kw>
<status status="PASS" starttime="20210427 08:59:42.114" endtime="20210427 08:59:42.146"/>
</kw>
<kw name="Log" library="BuiltIn">
<arg>${val}</arg>
<doc>Logs the given message with the given level.</doc>
<msg timestamp="20210427 08:59:42.146" level="INFO">1</msg>
<status status="PASS" starttime="20210427 08:59:42.146" endtime="20210427 08:59:42.146"/>
</kw>
<kw name="Log" library="BuiltIn">
<arg>${steps}</arg>
<doc>Logs the given message with the given level.</doc>
<msg timestamp="20210427 08:59:42.147" level="INFO">6</msg>
<status status="PASS" starttime="20210427 08:59:42.147" endtime="20210427 08:59:42.147"/>
</kw>
<status status="PASS" starttime="20210427 08:59:42.104" endtime="20210427 08:59:42.147"/>
</kw>
<kw name="Select the condition" library="bookscreate_page">
<arg>1</arg>
<kw name="Select Radio Button" library="SeleniumLibrary">
<arg>condition</arg>
<arg>${value}</arg>
<doc>Sets the radio button group ``group_name`` to ``value``.</doc>
<msg timestamp="20210427 08:59:42.147" level="INFO">Selecting '1' from radio button 'condition'.</msg>
<status status="PASS" starttime="20210427 08:59:42.147" endtime="20210427 08:59:42.196"/>
</kw>
<status status="PASS" starttime="20210427 08:59:42.147" endtime="20210427 08:59:42.196"/>
</kw>
<status status="PASS" starttime="20210427 08:59:41.691" endtime="20210427 08:59:42.196"/>
</kw>
<status status="PASS" starttime="20210427 08:59:41.563" endtime="20210427 08:59:42.197"/>
</kw>
<kw name="Clear Title" library="bookscreate_page">
<kw name="Clear Element Text" library="SeleniumLibrary">
<arg>${field_title}</arg>
<doc>Clears the value of the text-input-element identified by ``locator``.</doc>
<status status="PASS" starttime="20210427 08:59:42.197" endtime="20210427 08:59:42.220"/>
</kw>
<status status="PASS" starttime="20210427 08:59:42.197" endtime="20210427 08:59:42.220"/>
</kw>
<status status="PASS" starttime="20210427 08:59:41.562" endtime="20210427 08:59:42.220"/>
</kw>
<kw name="And Click Submit Add Button" library="bookscreate_page">
<kw name="Wait Until Element Is Enabled" library="SeleniumLibrary">
<arg>${button_add_submit}</arg>
<doc>Waits until the element ``locator`` is enabled.</doc>
<status status="PASS" starttime="20210427 08:59:42.221" endtime="20210427 08:59:42.241"/>
</kw>
<kw name="Click Button" library="SeleniumLibrary">
<arg>${button_add_submit}</arg>
<doc>Clicks the button identified by ``locator``.</doc>
<msg timestamp="20210427 08:59:42.241" level="INFO">Clicking button 'btn_submit'.</msg>
<status status="PASS" starttime="20210427 08:59:42.241" endtime="20210427 08:59:42.287"/>
</kw>
<status status="PASS" starttime="20210427 08:59:42.221" endtime="20210427 08:59:42.287"/>
</kw>
<kw name="Close Browser" library="SeleniumLibrary" type="TEARDOWN">
<doc>Closes the current browser.</doc>
<status status="PASS" starttime="20210427 08:59:42.287" endtime="20210427 08:59:42.342"/>
</kw>
<status status="PASS" starttime="20210427 08:59:36.773" endtime="20210427 08:59:42.342"/>
</test>
<test id="s1-s1-t3" name="Scenario: Adding a new Book with no Summary">
<kw name="Open Main Page using Chrome Browser and Login" library="resources" type="SETUP">
<kw name="Open Main Page using Chrome Browser" library="resources">
<kw name="Open Browser" library="SeleniumLibrary">
<arg>${mainpage}</arg>
<arg>Chrome</arg>
<doc>Opens a new browser instance to the optional ``url``.</doc>
<msg timestamp="20210427 08:59:42.344" level="INFO">Opening browser 'Chrome' to base url 'http://localhost:8000/library/'.</msg>
<status status="PASS" starttime="20210427 08:59:42.344" endtime="20210427 08:59:45.319"/>
</kw>
<kw name="Maximize Browser Window" library="SeleniumLibrary">
<doc>Maximizes current browser window.</doc>
<status status="PASS" starttime="20210427 08:59:45.319" endtime="20210427 08:59:45.426"/>
</kw>
<status status="PASS" starttime="20210427 08:59:42.343" endtime="20210427 08:59:45.427"/>
</kw>
<kw name="Click Login Link" library="navbar_links">
<kw name="Wait Until Element Is Enabled" library="SeleniumLibrary">
<arg>${LINK_LOGIN}</arg>
<doc>Waits until the element ``locator`` is enabled.</doc>
<status status="PASS" starttime="20210427 08:59:45.429" endtime="20210427 08:59:45.505"/>
</kw>
<kw name="Click Element" library="SeleniumLibrary">
<arg>${LINK_LOGIN}</arg>
<doc>Click the element identified by ``locator``.</doc>
<msg timestamp="20210427 08:59:45.507" level="INFO">Clicking element '//a[contains(text(),"Log In")]'.</msg>
<status status="PASS" starttime="20210427 08:59:45.506" endtime="20210427 08:59:45.635"/>
</kw>
<status status="PASS" starttime="20210427 08:59:45.428" endtime="20210427 08:59:45.635"/>
</kw>
<kw name="Input Username and Password" library="login">
<arg>admin1500</arg>
<arg>password1500</arg>
<kw name="Input Username" library="login_page">
<arg>${username}</arg>
<kw name="Wait Until Element Is Visible" library="SeleniumLibrary">
<arg>${FIELD_USERNAME}</arg>
<doc>Waits until the element ``locator`` is visible.</doc>
<status status="PASS" starttime="20210427 08:59:45.636" endtime="20210427 08:59:45.655"/>
</kw>
<kw name="Input Text" library="SeleniumLibrary">
<arg>${FIELD_USERNAME}</arg>
<arg>${username}</arg>
<doc>Types the given ``text`` into the text field identified by ``locator``.</doc>
<msg timestamp="20210427 08:59:45.656" level="INFO">Typing text 'admin1500' into text field 'id_login'.</msg>
<status status="PASS" starttime="20210427 08:59:45.655" endtime="20210427 08:59:45.719"/>
</kw>
<status status="PASS" starttime="20210427 08:59:45.635" endtime="20210427 08:59:45.719"/>
</kw>
<kw name="Login Button Should Be Enabled" library="login_page">
<kw name="Wait Until Element Is Enabled" library="SeleniumLibrary">
<arg>${BUTTON_SUBMIT}</arg>
<doc>Waits until the element ``locator`` is enabled.</doc>
<status status="PASS" starttime="20210427 08:59:45.719" endtime="20210427 08:59:45.739"/>
</kw>
<kw name="Element Should Be Enabled" library="SeleniumLibrary">
<arg>${BUTTON_SUBMIT}</arg>
<doc>Verifies that element identified by ``locator`` is enabled.</doc>
<status status="PASS" starttime="20210427 08:59:45.739" endtime="20210427 08:59:45.752"/>
</kw>
<status status="PASS" starttime="20210427 08:59:45.719" endtime="20210427 08:59:45.752"/>
</kw>
<kw name="Input Password" library="login_page">
<arg>${password}</arg>
<kw name="Wait Until Element Is Visible" library="SeleniumLibrary">
<arg>${FIELD_PASSWORD}</arg>
<doc>Waits until the element ``locator`` is visible.</doc>
<status status="PASS" starttime="20210427 08:59:45.752" endtime="20210427 08:59:45.772"/>
</kw>
<kw name="Input Text" library="SeleniumLibrary">
<arg>${FIELD_PASSWORD}</arg>
<arg>${password}</arg>
<doc>Types the given ``text`` into the text field identified by ``locator``.</doc>
<msg timestamp="20210427 08:59:45.773" level="INFO">Typing text 'password1500' into text field 'id_password'.</msg>
<status status="PASS" starttime="20210427 08:59:45.772" endtime="20210427 08:59:45.840"/>
</kw>
<status status="PASS" starttime="20210427 08:59:45.752" endtime="20210427 08:59:45.840"/>
</kw>
<status status="PASS" starttime="20210427 08:59:45.635" endtime="20210427 08:59:45.840"/>
</kw>
<kw name="Click Login Button" library="login_page">
<kw name="Wait Until Element Is Enabled" library="SeleniumLibrary">
<arg>${BUTTON_SUBMIT}</arg>
<doc>Waits until the element ``locator`` is enabled.</doc>
<status status="PASS" starttime="20210427 08:59:45.841" endtime="20210427 08:59:45.854"/>
</kw>
<kw name="Click Element" library="SeleniumLibrary">
<arg>${BUTTON_SUBMIT}</arg>
<doc>Click the element identified by ``locator``.</doc>
<msg timestamp="20210427 08:59:45.854" level="INFO">Clicking element '//button[contains(text(),"Log ")]'.</msg>
<status status="PASS" starttime="20210427 08:59:45.854" endtime="20210427 08:59:47.234"/>
</kw>
<status status="PASS" starttime="20210427 08:59:45.840" endtime="20210427 08:59:47.234"/>
</kw>
<status status="PASS" starttime="20210427 08:59:42.343" endtime="20210427 08:59:47.235"/>
</kw>
<kw name="When the User Fill out the form without summary">
<kw name="the User Fill out the form completely">
<kw name="Name" library="FakerLibrary">
<var>${INPUT.title}</var>
<doc>:example 'John Doe'</doc>
<msg timestamp="20210427 08:59:47.238" level="INFO">${INPUT.title} = John Austin</msg>
<status status="PASS" starttime="20210427 08:59:47.237" endtime="20210427 08:59:47.238"/>
</kw>
<kw name="Paragraph" library="FakerLibrary">
<var>${INPUT.review}</var>
<doc>Generate a paragraph.</doc>
<msg timestamp="20210427 08:59:47.239" level="INFO">${INPUT.review} = Attack card wall deep investment. Record financial collection school before though. Morning force magazine.</msg>
<status status="PASS" starttime="20210427 08:59:47.239" endtime="20210427 08:59:47.239"/>
</kw>
<kw name="Paragraph" library="FakerLibrary">
<var>${INPUT.summary}</var>
<doc>Generate a paragraph.</doc>
<msg timestamp="20210427 08:59:47.240" level="INFO">${INPUT.summary} = Federal already energy. Part response stock son. Arrive wish ago tonight physical.</msg>
<status status="PASS" starttime="20210427 08:59:47.240" endtime="20210427 08:59:47.240"/>
</kw>
<kw name="Random Digit Not Null Or Empty" library="FakerLibrary">
<var>${INPUT.rating}</var>
<doc>Generate a random non-zero digit (1 to 9) or an empty string.</doc>
<msg timestamp="20210427 08:59:47.241" level="INFO">${INPUT.rating} = </msg>
<status status="PASS" starttime="20210427 08:59:47.240" endtime="20210427 08:59:47.241"/>
</kw>
<kw name="Click book add button" library="library_page">
<kw name="Wait Until Element Is Enabled" library="SeleniumLibrary">
<arg>${add_button}</arg>
<doc>Waits until the element ``locator`` is enabled.</doc>
<status status="PASS" starttime="20210427 08:59:47.242" endtime="20210427 08:59:47.275"/>
</kw>
<kw name="Click Button" library="SeleniumLibrary">
<arg>${add_button}</arg>
<doc>Clicks the button identified by ``locator``.</doc>
<msg timestamp="20210427 08:59:47.275" level="INFO">Clicking button 'book-add'.</msg>
<status status="PASS" starttime="20210427 08:59:47.275" endtime="20210427 08:59:47.416"/>
</kw>
<status status="PASS" starttime="20210427 08:59:47.241" endtime="20210427 08:59:47.416"/>
</kw>
<kw name="Input the whole form with" library="add_books">
<arg>&amp;{INPUT}</arg>
<kw name="Input Title" library="bookscreate_page">
<arg>${input}[title]</arg>
<kw name="Wait Until Element Is Enabled" library="SeleniumLibrary">
<arg>${field_title}</arg>
<doc>Waits until the element ``locator`` is enabled.</doc>
<status status="PASS" starttime="20210427 08:59:47.417" endtime="20210427 08:59:47.441"/>
</kw>
<kw name="Input Text" library="SeleniumLibrary">
<arg>${field_title}</arg>
<arg>${title}</arg>
<doc>Types the given ``text`` into the text field identified by ``locator``.</doc>
<msg timestamp="20210427 08:59:47.442" level="INFO">Typing text 'John Austin' into text field 'id_title'.</msg>
<status status="PASS" starttime="20210427 08:59:47.441" endtime="20210427 08:59:47.517"/>
</kw>
<status status="PASS" starttime="20210427 08:59:47.417" endtime="20210427 08:59:47.517"/>
</kw>
<kw name=" Input Summary" library="bookscreate_page">
<arg>${input}[summary]</arg>
<kw name="Wait Until Element Is Enabled" library="SeleniumLibrary">
<arg>${field_summary}</arg>
<doc>Waits until the element ``locator`` is enabled.</doc>
<status status="PASS" starttime="20210427 08:59:47.517" endtime="20210427 08:59:47.550"/>
</kw>
<kw name="Input Text" library="SeleniumLibrary">
<arg>${field_summary}</arg>
<arg>${summary}</arg>
<doc>Types the given ``text`` into the text field identified by ``locator``.</doc>
<msg timestamp="20210427 08:59:47.551" level="INFO">Typing text 'Federal already energy. Part response stock son. Arrive wish ago tonight physical.' into text field 'id_summary'.</msg>
<status status="PASS" starttime="20210427 08:59:47.551" endtime="20210427 08:59:47.663"/>
</kw>
<status status="PASS" starttime="20210427 08:59:47.517" endtime="20210427 08:59:47.663"/>
</kw>
<kw name="Input Review" library="bookscreate_page">
<arg>${input}[review]</arg>
<kw name="Wait Until Element Is Enabled" library="SeleniumLibrary">
<arg>${field_review}</arg>
<doc>Waits until the element ``locator`` is enabled.</doc>
<status status="PASS" starttime="20210427 08:59:47.664" endtime="20210427 08:59:47.689"/>
</kw>
<kw name="Input Text" library="SeleniumLibrary">
<arg>${field_review}</arg>
<arg>${review}</arg>
<doc>Types the given ``text`` into the text field identified by ``locator``.</doc>
<msg timestamp="20210427 08:59:47.690" level="INFO">Typing text 'Attack card wall deep investment. Record financial collection school before though. Morning force magazine.' into text field 'id_review'.</msg>
<status status="PASS" starttime="20210427 08:59:47.689" endtime="20210427 08:59:47.815"/>
</kw>
<status status="PASS" starttime="20210427 08:59:47.663" endtime="20210427 08:59:47.816"/>
</kw>
<kw name="Input Rating" library="bookscreate_page">
<arg>${input}[rating]</arg>
<kw name="Wait Until Element Is Enabled" library="SeleniumLibrary">
<arg>${field_rating}</arg>
<doc>Waits until the element ``locator`` is enabled.</doc>
<status status="PASS" starttime="20210427 08:59:47.816" endtime="20210427 08:59:47.852"/>
</kw>
<kw name="Input Text" library="SeleniumLibrary">
<arg>${field_rating}</arg>
<arg>${rating}</arg>
<doc>Types the given ``text`` into the text field identified by ``locator``.</doc>
<msg timestamp="20210427 08:59:47.852" level="INFO">Typing text '' into text field 'id_rating'.</msg>
<status status="PASS" starttime="20210427 08:59:47.852" endtime="20210427 08:59:47.912"/>
</kw>
<status status="PASS" starttime="20210427 08:59:47.816" endtime="20210427 08:59:47.913"/>
</kw>
<kw name="Select random Category" library="add_books">
<kw name="Get Category Count" library="bookscreate_page">
<var>${len}</var>
<kw name="Get Element Count" library="SeleniumLibrary">
<var>${count}</var>
<arg>${category_options}</arg>
<doc>Returns the number of elements matching ``locator``.</doc>
<msg timestamp="20210427 08:59:47.925" level="INFO">${count} = 5</msg>
<status status="PASS" starttime="20210427 08:59:47.913" endtime="20210427 08:59:47.925"/>
</kw>
<msg timestamp="20210427 08:59:47.925" level="INFO">${len} = 5</msg>
<status status="PASS" starttime="20210427 08:59:47.913" endtime="20210427 08:59:47.925"/>
</kw>
<kw name="Random Digit" library="FakerLibrary">
<var>${steps}</var>
<doc>Generate a random digit (0 to 9).</doc>
<msg timestamp="20210427 08:59:47.925" level="INFO">${steps} = 4</msg>
<status status="PASS" starttime="20210427 08:59:47.925" endtime="20210427 08:59:47.925"/>
</kw>
<kw name="Random Int" library="FakerLibrary">
<var>${val}</var>
<arg>min=1</arg>
<arg>max=${len}</arg>
<arg>step=${steps}</arg>
<doc>Generate a random integer between two integers ``min`` and ``max`` inclusive
while observing the provided ``step`` value.</doc>
<msg timestamp="20210427 08:59:47.926" level="INFO">${val} = 1</msg>
<status status="PASS" starttime="20210427 08:59:47.925" endtime="20210427 08:59:47.926"/>
</kw>
<kw name="Select a Category" library="bookscreate_page">
<arg>${val}</arg>
<kw name="Select From List By Value" library="SeleniumLibrary">
<arg>${select_category}</arg>
<arg>${value}</arg>
<doc>Selects options from selection list ``locator`` by ``values``.</doc>
<msg timestamp="20210427 08:59:47.927" level="INFO">Selecting options from selection list 'id_category' by value 1.</msg>
<status status="PASS" starttime="20210427 08:59:47.926" endtime="20210427 08:59:47.965"/>
</kw>
<status status="PASS" starttime="20210427 08:59:47.926" endtime="20210427 08:59:47.965"/>
</kw>
<kw name="Log" library="BuiltIn">
<arg>${val}</arg>
<doc>Logs the given message with the given level.</doc>
<msg timestamp="20210427 08:59:47.966" level="INFO">1</msg>
<status status="PASS" starttime="20210427 08:59:47.965" endtime="20210427 08:59:47.966"/>
</kw>
<kw name="Log" library="BuiltIn">
<arg>${steps}</arg>
<doc>Logs the given message with the given level.</doc>
<msg timestamp="20210427 08:59:47.966" level="INFO">4</msg>
<status status="PASS" starttime="20210427 08:59:47.966" endtime="20210427 08:59:47.966"/>
</kw>
<status status="PASS" starttime="20210427 08:59:47.913" endtime="20210427 08:59:47.966"/>
</kw>
<kw name="Select the condition" library="bookscreate_page">
<arg>1</arg>
<kw name="Select Radio Button" library="SeleniumLibrary">
<arg>condition</arg>
<arg>${value}</arg>
<doc>Sets the radio button group ``group_name`` to ``value``.</doc>
<msg timestamp="20210427 08:59:47.967" level="INFO">Selecting '1' from radio button 'condition'.</msg>
<status status="PASS" starttime="20210427 08:59:47.966" endtime="20210427 08:59:48.017"/>
</kw>
<status status="PASS" starttime="20210427 08:59:47.966" endtime="20210427 08:59:48.017"/>
</kw>
<status status="PASS" starttime="20210427 08:59:47.416" endtime="20210427 08:59:48.017"/>
</kw>
<status status="PASS" starttime="20210427 08:59:47.236" endtime="20210427 08:59:48.018"/>
</kw>
<kw name="Clear Summary" library="bookscreate_page">
<kw name="Clear Element Text" library="SeleniumLibrary">
<arg>${field_summary}</arg>
<doc>Clears the value of the text-input-element identified by ``locator``.</doc>
<status status="PASS" starttime="20210427 08:59:48.018" endtime="20210427 08:59:48.043"/>
</kw>
<status status="PASS" starttime="20210427 08:59:48.018" endtime="20210427 08:59:48.043"/>
</kw>
<status status="PASS" starttime="20210427 08:59:47.236" endtime="20210427 08:59:48.043"/>
</kw>
<kw name="And Click Submit Add Button" library="bookscreate_page">
<kw name="Wait Until Element Is Enabled" library="SeleniumLibrary">
<arg>${button_add_submit}</arg>
<doc>Waits until the element ``locator`` is enabled.</doc>
<status status="PASS" starttime="20210427 08:59:48.043" endtime="20210427 08:59:48.067"/>
</kw>
<kw name="Click Button" library="SeleniumLibrary">
<arg>${button_add_submit}</arg>
<doc>Clicks the button identified by ``locator``.</doc>
<msg timestamp="20210427 08:59:48.068" level="INFO">Clicking button 'btn_submit'.</msg>
<status status="PASS" starttime="20210427 08:59:48.067" endtime="20210427 08:59:48.121"/>
</kw>
<status status="PASS" starttime="20210427 08:59:48.043" endtime="20210427 08:59:48.121"/>
</kw>
<kw name="Close Browser" library="SeleniumLibrary" type="TEARDOWN">
<doc>Closes the current browser.</doc>
<status status="PASS" starttime="20210427 08:59:48.121" endtime="20210427 08:59:48.177"/>
</kw>
<status status="PASS" starttime="20210427 08:59:42.343" endtime="20210427 08:59:48.177"/>
</test>
<test id="s1-s1-t4" name="Scenario: Adding a new Book with no Review">
<kw name="Open Main Page using Chrome Browser and Login" library="resources" type="SETUP">
<kw name="Open Main Page using Chrome Browser" library="resources">
<kw name="Open Browser" library="SeleniumLibrary">
<arg>${mainpage}</arg>
<arg>Chrome</arg>
<doc>Opens a new browser instance to the optional ``url``.</doc>
<msg timestamp="20210427 08:59:48.179" level="INFO">Opening browser 'Chrome' to base url 'http://localhost:8000/library/'.</msg>
<status status="PASS" starttime="20210427 08:59:48.179" endtime="20210427 08:59:51.225"/>
</kw>
<kw name="Maximize Browser Window" library="SeleniumLibrary">
<doc>Maximizes current browser window.</doc>
<status status="PASS" starttime="20210427 08:59:51.225" endtime="20210427 08:59:51.334"/>
</kw>
<status status="PASS" starttime="20210427 08:59:48.178" endtime="20210427 08:59:51.335"/>
</kw>
<kw name="Click Login Link" library="navbar_links">
<kw name="Wait Until Element Is Enabled" library="SeleniumLibrary">
<arg>${LINK_LOGIN}</arg>
<doc>Waits until the element ``locator`` is enabled.</doc>
<status status="PASS" starttime="20210427 08:59:51.337" endtime="20210427 08:59:51.416"/>
</kw>
<kw name="Click Element" library="SeleniumLibrary">
<arg>${LINK_LOGIN}</arg>
<doc>Click the element identified by ``locator``.</doc>
<msg timestamp="20210427 08:59:51.418" level="INFO">Clicking element '//a[contains(text(),"Log In")]'.</msg>
<status status="PASS" starttime="20210427 08:59:51.417" endtime="20210427 08:59:51.593"/>
</kw>
<status status="PASS" starttime="20210427 08:59:51.336" endtime="20210427 08:59:51.593"/>
</kw>
<kw name="Input Username and Password" library="login">
<arg>admin1500</arg>
<arg>password1500</arg>
<kw name="Input Username" library="login_page">
<arg>${username}</arg>
<kw name="Wait Until Element Is Visible" library="SeleniumLibrary">
<arg>${FIELD_USERNAME}</arg>
<doc>Waits until the element ``locator`` is visible.</doc>
<status status="PASS" starttime="20210427 08:59:51.594" endtime="20210427 08:59:51.616"/>
</kw>
<kw name="Input Text" library="SeleniumLibrary">
<arg>${FIELD_USERNAME}</arg>
<arg>${username}</arg>
<doc>Types the given ``text`` into the text field identified by ``locator``.</doc>
<msg timestamp="20210427 08:59:51.617" level="INFO">Typing text 'admin1500' into text field 'id_login'.</msg>
<status status="PASS" starttime="20210427 08:59:51.616" endtime="20210427 08:59:51.684"/>
</kw>
<status status="PASS" starttime="20210427 08:59:51.594" endtime="20210427 08:59:51.684"/>
</kw>
<kw name="Login Button Should Be Enabled" library="login_page">
<kw name="Wait Until Element Is Enabled" library="SeleniumLibrary">
<arg>${BUTTON_SUBMIT}</arg>
<doc>Waits until the element ``locator`` is enabled.</doc>
<status status="PASS" starttime="20210427 08:59:51.685" endtime="20210427 08:59:51.704"/>
</kw>
<kw name="Element Should Be Enabled" library="SeleniumLibrary">
<arg>${BUTTON_SUBMIT}</arg>
<doc>Verifies that element identified by ``locator`` is enabled.</doc>
<status status="PASS" starttime="20210427 08:59:51.704" endtime="20210427 08:59:51.716"/>
</kw>
<status status="PASS" starttime="20210427 08:59:51.684" endtime="20210427 08:59:51.716"/>
</kw>
<kw name="Input Password" library="login_page">
<arg>${password}</arg>
<kw name="Wait Until Element Is Visible" library="SeleniumLibrary">
<arg>${FIELD_PASSWORD}</arg>
<doc>Waits until the element ``locator`` is visible.</doc>
<status status="PASS" starttime="20210427 08:59:51.717" endtime="20210427 08:59:51.736"/>
</kw>
<kw name="Input Text" library="SeleniumLibrary">
<arg>${FIELD_PASSWORD}</arg>
<arg>${password}</arg>
<doc>Types the given ``text`` into the text field identified by ``locator``.</doc>
<msg timestamp="20210427 08:59:51.736" level="INFO">Typing text 'password1500' into text field 'id_password'.</msg>
<status status="PASS" starttime="20210427 08:59:51.736" endtime="20210427 08:59:51.795"/>
</kw>
<status status="PASS" starttime="20210427 08:59:51.716" endtime="20210427 08:59:51.796"/>
</kw>
<status status="PASS" starttime="20210427 08:59:51.593" endtime="20210427 08:59:51.796"/>
</kw>
<kw name="Click Login Button" library="login_page">
<kw name="Wait Until Element Is Enabled" library="SeleniumLibrary">
<arg>${BUTTON_SUBMIT}</arg>
<doc>Waits until the element ``locator`` is enabled.</doc>
<status status="PASS" starttime="20210427 08:59:51.796" endtime="20210427 08:59:51.808"/>
</kw>
<kw name="Click Element" library="SeleniumLibrary">
<arg>${BUTTON_SUBMIT}</arg>
<doc>Click the element identified by ``locator``.</doc>
<msg timestamp="20210427 08:59:51.808" level="INFO">Clicking element '//button[contains(text(),"Log ")]'.</msg>
<status status="PASS" starttime="20210427 08:59:51.808" endtime="20210427 08:59:53.681"/>
</kw>
<status status="PASS" starttime="20210427 08:59:51.796" endtime="20210427 08:59:53.682"/>
</kw>
<status status="PASS" starttime="20210427 08:59:48.178" endtime="20210427 08:59:53.682"/>
</kw>
<kw name="When the User Fill out the form without Review">
<kw name="the User Fill out the form completely">
<kw name="Name" library="FakerLibrary">
<var>${INPUT.title}</var>
<doc>:example 'John Doe'</doc>
<msg timestamp="20210427 08:59:53.684" level="INFO">${INPUT.title} = Erika Wood</msg>
<status status="PASS" starttime="20210427 08:59:53.683" endtime="20210427 08:59:53.684"/>
</kw>
<kw name="Paragraph" library="FakerLibrary">
<var>${INPUT.review}</var>
<doc>Generate a paragraph.</doc>
<msg timestamp="20210427 08:59:53.684" level="INFO">${INPUT.review} = Take structure necessary. Camera decision exactly face this. Case position clear treat.</msg>
<status status="PASS" starttime="20210427 08:59:53.684" endtime="20210427 08:59:53.684"/>
</kw>
<kw name="Paragraph" library="FakerLibrary">
<var>${INPUT.summary}</var>
<doc>Generate a paragraph.</doc>
<msg timestamp="20210427 08:59:53.685" level="INFO">${INPUT.summary} = Claim source information mouth walk. Address color individual that according fund safe address.</msg>
<status status="PASS" starttime="20210427 08:59:53.684" endtime="20210427 08:59:53.685"/>
</kw>
<kw name="Random Digit Not Null Or Empty" library="FakerLibrary">
<var>${INPUT.rating}</var>
<doc>Generate a random non-zero digit (1 to 9) or an empty string.</doc>
<msg timestamp="20210427 08:59:53.685" level="INFO">${INPUT.rating} = </msg>
<status status="PASS" starttime="20210427 08:59:53.685" endtime="20210427 08:59:53.685"/>
</kw>
<kw name="Click book add button" library="library_page">
<kw name="Wait Until Element Is Enabled" library="SeleniumLibrary">
<arg>${add_button}</arg>
<doc>Waits until the element ``locator`` is enabled.</doc>
<status status="PASS" starttime="20210427 08:59:53.686" endtime="20210427 08:59:53.711"/>
</kw>
<kw name="Click Button" library="SeleniumLibrary">
<arg>${add_button}</arg>
<doc>Clicks the button identified by ``locator``.</doc>
<msg timestamp="20210427 08:59:53.711" level="INFO">Clicking button 'book-add'.</msg>
<status status="PASS" starttime="20210427 08:59:53.711" endtime="20210427 08:59:53.824"/>
</kw>
<status status="PASS" starttime="20210427 08:59:53.685" endtime="20210427 08:59:53.825"/>
</kw>
<kw name="Input the whole form with" library="add_books">
<arg>&amp;{INPUT}</arg>
<kw name="Input Title" library="bookscreate_page">
<arg>${input}[title]</arg>
<kw name="Wait Until Element Is Enabled" library="SeleniumLibrary">
<arg>${field_title}</arg>
<doc>Waits until the element ``locator`` is enabled.</doc>
<status status="PASS" starttime="20210427 08:59:53.825" endtime="20210427 08:59:53.856"/>
</kw>
<kw name="Input Text" library="SeleniumLibrary">
<arg>${field_title}</arg>
<arg>${title}</arg>
<doc>Types the given ``text`` into the text field identified by ``locator``.</doc>
<msg timestamp="20210427 08:59:53.856" level="INFO">Typing text 'Erika Wood' into text field 'id_title'.</msg>
<status status="PASS" starttime="20210427 08:59:53.856" endtime="20210427 08:59:53.925"/>
</kw>
<status status="PASS" starttime="20210427 08:59:53.825" endtime="20210427 08:59:53.925"/>
</kw>
<kw name=" Input Summary" library="bookscreate_page">
<arg>${input}[summary]</arg>
<kw name="Wait Until Element Is Enabled" library="SeleniumLibrary">
<arg>${field_summary}</arg>
<doc>Waits until the element ``locator`` is enabled.</doc>
<status status="PASS" starttime="20210427 08:59:53.926" endtime="20210427 08:59:53.956"/>
</kw>
<kw name="Input Text" library="SeleniumLibrary">
<arg>${field_summary}</arg>
<arg>${summary}</arg>
<doc>Types the given ``text`` into the text field identified by ``locator``.</doc>
<msg timestamp="20210427 08:59:53.956" level="INFO">Typing text 'Claim source information mouth walk. Address color individual that according fund safe address.' into text field 'id_summary'.</msg>
<status status="PASS" starttime="20210427 08:59:53.956" endtime="20210427 08:59:54.075"/>
</kw>
<status status="PASS" starttime="20210427 08:59:53.925" endtime="20210427 08:59:54.075"/>
</kw>
<kw name="Input Review" library="bookscreate_page">
<arg>${input}[review]</arg>
<kw name="Wait Until Element Is Enabled" library="SeleniumLibrary">
<arg>${field_review}</arg>
<doc>Waits until the element ``locator`` is enabled.</doc>
<status status="PASS" starttime="20210427 08:59:54.075" endtime="20210427 08:59:54.099"/>
</kw>
<kw name="Input Text" library="SeleniumLibrary">
<arg>${field_review}</arg>
<arg>${review}</arg>
<doc>Types the given ``text`` into the text field identified by ``locator``.</doc>
<msg timestamp="20210427 08:59:54.100" level="INFO">Typing text 'Take structure necessary. Camera decision exactly face this. Case position clear treat.' into text field 'id_review'.</msg>
<status status="PASS" starttime="20210427 08:59:54.100" endtime="20210427 08:59:54.213"/>
</kw>
<status status="PASS" starttime="20210427 08:59:54.075" endtime="20210427 08:59:54.213"/>
</kw>
<kw name="Input Rating" library="bookscreate_page">
<arg>${input}[rating]</arg>
<kw name="Wait Until Element Is Enabled" library="SeleniumLibrary">
<arg>${field_rating}</arg>
<doc>Waits until the element ``locator`` is enabled.</doc>
<status status="PASS" starttime="20210427 08:59:54.214" endtime="20210427 08:59:54.238"/>
</kw>
<kw name="Input Text" library="SeleniumLibrary">
<arg>${field_rating}</arg>
<arg>${rating}</arg>
<doc>Types the given ``text`` into the text field identified by ``locator``.</doc>
<msg timestamp="20210427 08:59:54.238" level="INFO">Typing text '' into text field 'id_rating'.</msg>
<status status="PASS" starttime="20210427 08:59:54.238" endtime="20210427 08:59:54.299"/>
</kw>
<status status="PASS" starttime="20210427 08:59:54.213" endtime="20210427 08:59:54.299"/>
</kw>
<kw name="Select random Category" library="add_books">
<kw name="Get Category Count" library="bookscreate_page">
<var>${len}</var>
<kw name="Get Element Count" library="SeleniumLibrary">
<var>${count}</var>
<arg>${category_options}</arg>
<doc>Returns the number of elements matching ``locator``.</doc>
<msg timestamp="20210427 08:59:54.314" level="INFO">${count} = 5</msg>
<status status="PASS" starttime="20210427 08:59:54.299" endtime="20210427 08:59:54.314"/>
</kw>
<msg timestamp="20210427 08:59:54.314" level="INFO">${len} = 5</msg>
<status status="PASS" starttime="20210427 08:59:54.299" endtime="20210427 08:59:54.314"/>
</kw>
<kw name="Random Digit" library="FakerLibrary">
<var>${steps}</var>
<doc>Generate a random digit (0 to 9).</doc>
<msg timestamp="20210427 08:59:54.315" level="INFO">${steps} = 2</msg>
<status status="PASS" starttime="20210427 08:59:54.315" endtime="20210427 08:59:54.315"/>
</kw>
<kw name="Random Int" library="FakerLibrary">
<var>${val}</var>
<arg>min=1</arg>
<arg>max=${len}</arg>
<arg>step=${steps}</arg>
<doc>Generate a random integer between two integers ``min`` and ``max`` inclusive
while observing the provided ``step`` value.</doc>
<msg timestamp="20210427 08:59:54.315" level="INFO">${val} = 5</msg>
<status status="PASS" starttime="20210427 08:59:54.315" endtime="20210427 08:59:54.315"/>
</kw>
<kw name="Select a Category" library="bookscreate_page">
<arg>${val}</arg>
<kw name="Select From List By Value" library="SeleniumLibrary">
<arg>${select_category}</arg>
<arg>${value}</arg>
<doc>Selects options from selection list ``locator`` by ``values``.</doc>
<msg timestamp="20210427 08:59:54.316" level="INFO">Selecting options from selection list 'id_category' by value 5.</msg>
<status status="PASS" starttime="20210427 08:59:54.316" endtime="20210427 08:59:54.374"/>
</kw>
<status status="PASS" starttime="20210427 08:59:54.315" endtime="20210427 08:59:54.374"/>
</kw>
<kw name="Log" library="BuiltIn">
<arg>${val}</arg>
<doc>Logs the given message with the given level.</doc>
<msg timestamp="20210427 08:59:54.375" level="INFO">5</msg>
<status status="PASS" starttime="20210427 08:59:54.374" endtime="20210427 08:59:54.375"/>
</kw>
<kw name="Log" library="BuiltIn">
<arg>${steps}</arg>
<doc>Logs the given message with the given level.</doc>
<msg timestamp="20210427 08:59:54.375" level="INFO">2</msg>
<status status="PASS" starttime="20210427 08:59:54.375" endtime="20210427 08:59:54.375"/>
</kw>
<status status="PASS" starttime="20210427 08:59:54.299" endtime="20210427 08:59:54.375"/>
</kw>
<kw name="Select the condition" library="bookscreate_page">
<arg>1</arg>
<kw name="Select Radio Button" library="SeleniumLibrary">
<arg>condition</arg>
<arg>${value}</arg>
<doc>Sets the radio button group ``group_name`` to ``value``.</doc>
<msg timestamp="20210427 08:59:54.376" level="INFO">Selecting '1' from radio button 'condition'.</msg>
<status status="PASS" starttime="20210427 08:59:54.375" endtime="20210427 08:59:54.446"/>
</kw>
<status status="PASS" starttime="20210427 08:59:54.375" endtime="20210427 08:59:54.446"/>
</kw>
<status status="PASS" starttime="20210427 08:59:53.825" endtime="20210427 08:59:54.446"/>
</kw>
<status status="PASS" starttime="20210427 08:59:53.682" endtime="20210427 08:59:54.447"/>
</kw>
<kw name="Clear Review" library="bookscreate_page">
<kw name="Clear Element Text" library="SeleniumLibrary">
<arg>${field_review}</arg>
<doc>Clears the value of the text-input-element identified by ``locator``.</doc>
<status status="PASS" starttime="20210427 08:59:54.447" endtime="20210427 08:59:54.472"/>
</kw>
<status status="PASS" starttime="20210427 08:59:54.447" endtime="20210427 08:59:54.473"/>
</kw>
<status status="PASS" starttime="20210427 08:59:53.682" endtime="20210427 08:59:54.473"/>
</kw>
<kw name="And Click Submit Add Button" library="bookscreate_page">
<kw name="Wait Until Element Is Enabled" library="SeleniumLibrary">
<arg>${button_add_submit}</arg>
<doc>Waits until the element ``locator`` is enabled.</doc>
<status status="PASS" starttime="20210427 08:59:54.473" endtime="20210427 08:59:54.492"/>
</kw>
<kw name="Click Button" library="SeleniumLibrary">
<arg>${button_add_submit}</arg>
<doc>Clicks the button identified by ``locator``.</doc>
<msg timestamp="20210427 08:59:54.492" level="INFO">Clicking button 'btn_submit'.</msg>
<status status="PASS" starttime="20210427 08:59:54.492" endtime="20210427 08:59:54.550"/>
</kw>
<status status="PASS" starttime="20210427 08:59:54.473" endtime="20210427 08:59:54.550"/>
</kw>
<kw name="Close Browser" library="SeleniumLibrary" type="TEARDOWN">
<doc>Closes the current browser.</doc>
<status status="PASS" starttime="20210427 08:59:54.551" endtime="20210427 08:59:54.617"/>
</kw>
<status status="PASS" starttime="20210427 08:59:48.177" endtime="20210427 08:59:54.618"/>
</test>
<test id="s1-s1-t5" name="Scenario: Adding a new Book with rating as a String">
<kw name="Open Main Page using Chrome Browser and Login" library="resources" type="SETUP">
<kw name="Open Main Page using Chrome Browser" library="resources">
<kw name="Open Browser" library="SeleniumLibrary">
<arg>${mainpage}</arg>
<arg>Chrome</arg>
<doc>Opens a new browser instance to the optional ``url``.</doc>
<msg timestamp="20210427 08:59:54.624" level="INFO">Opening browser 'Chrome' to base url 'http://localhost:8000/library/'.</msg>
<status status="PASS" starttime="20210427 08:59:54.623" endtime="20210427 08:59:57.417"/>
</kw>
<kw name="Maximize Browser Window" library="SeleniumLibrary">
<doc>Maximizes current browser window.</doc>
<status status="PASS" starttime="20210427 08:59:57.419" endtime="20210427 08:59:57.530"/>
</kw>
<status status="PASS" starttime="20210427 08:59:54.622" endtime="20210427 08:59:57.531"/>
</kw>
<kw name="Click Login Link" library="navbar_links">
<kw name="Wait Until Element Is Enabled" library="SeleniumLibrary">
<arg>${LINK_LOGIN}</arg>
<doc>Waits until the element ``locator`` is enabled.</doc>
<status status="PASS" starttime="20210427 08:59:57.531" endtime="20210427 08:59:57.554"/>
</kw>
<kw name="Click Element" library="SeleniumLibrary">
<arg>${LINK_LOGIN}</arg>
<doc>Click the element identified by ``locator``.</doc>
<msg timestamp="20210427 08:59:57.555" level="INFO">Clicking element '//a[contains(text(),"Log In")]'.</msg>
<status status="PASS" starttime="20210427 08:59:57.554" endtime="20210427 08:59:57.655"/>
</kw>
<status status="PASS" starttime="20210427 08:59:57.531" endtime="20210427 08:59:57.655"/>
</kw>
<kw name="Input Username and Password" library="login">
<arg>admin1500</arg>
<arg>password1500</arg>
<kw name="Input Username" library="login_page">
<arg>${username}</arg>
<kw name="Wait Until Element Is Visible" library="SeleniumLibrary">
<arg>${FIELD_USERNAME}</arg>
<doc>Waits until the element ``locator`` is visible.</doc>
<status status="PASS" starttime="20210427 08:59:57.656" endtime="20210427 08:59:57.676"/>
</kw>
<kw name="Input Text" library="SeleniumLibrary">
<arg>${FIELD_USERNAME}</arg>
<arg>${username}</arg>
<doc>Types the given ``text`` into the text field identified by ``locator``.</doc>
<msg timestamp="20210427 08:59:57.677" level="INFO">Typing text 'admin1500' into text field 'id_login'.</msg>
<status status="PASS" starttime="20210427 08:59:57.676" endtime="20210427 08:59:57.738"/>
</kw>
<status status="PASS" starttime="20210427 08:59:57.656" endtime="20210427 08:59:57.738"/>
</kw>
<kw name="Login Button Should Be Enabled" library="login_page">
<kw name="Wait Until Element Is Enabled" library="SeleniumLibrary">
<arg>${BUTTON_SUBMIT}</arg>
<doc>Waits until the element ``locator`` is enabled.</doc>
<status status="PASS" starttime="20210427 08:59:57.738" endtime="20210427 08:59:57.757"/>
</kw>
<kw name="Element Should Be Enabled" library="SeleniumLibrary">
<arg>${BUTTON_SUBMIT}</arg>
<doc>Verifies that element identified by ``locator`` is enabled.</doc>
<status status="PASS" starttime="20210427 08:59:57.758" endtime="20210427 08:59:57.770"/>
</kw>
<status status="PASS" starttime="20210427 08:59:57.738" endtime="20210427 08:59:57.771"/>
</kw>
<kw name="Input Password" library="login_page">
<arg>${password}</arg>
<kw name="Wait Until Element Is Visible" library="SeleniumLibrary">
<arg>${FIELD_PASSWORD}</arg>
<doc>Waits until the element ``locator`` is visible.</doc>
<status status="PASS" starttime="20210427 08:59:57.771" endtime="20210427 08:59:57.791"/>
</kw>
<kw name="Input Text" library="SeleniumLibrary">
<arg>${FIELD_PASSWORD}</arg>
<arg>${password}</arg>
<doc>Types the given ``text`` into the text field identified by ``locator``.</doc>
<msg timestamp="20210427 08:59:57.791" level="INFO">Typing text 'password1500' into text field 'id_password'.</msg>
<status status="PASS" starttime="20210427 08:59:57.791" endtime="20210427 08:59:57.852"/>
</kw>
<status status="PASS" starttime="20210427 08:59:57.771" endtime="20210427 08:59:57.852"/>
</kw>
<status status="PASS" starttime="20210427 08:59:57.655" endtime="20210427 08:59:57.853"/>
</kw>
<kw name="Click Login Button" library="login_page">
<kw name="Wait Until Element Is Enabled" library="SeleniumLibrary">
<arg>${BUTTON_SUBMIT}</arg>
<doc>Waits until the element ``locator`` is enabled.</doc>
<status status="PASS" starttime="20210427 08:59:57.853" endtime="20210427 08:59:57.865"/>
</kw>
<kw name="Click Element" library="SeleniumLibrary">
<arg>${BUTTON_SUBMIT}</arg>
<doc>Click the element identified by ``locator``.</doc>
<msg timestamp="20210427 08:59:57.865" level="INFO">Clicking element '//button[contains(text(),"Log ")]'.</msg>
<status status="PASS" starttime="20210427 08:59:57.865" endtime="20210427 08:59:59.809"/>
</kw>
<status status="PASS" starttime="20210427 08:59:57.853" endtime="20210427 08:59:59.809"/>
</kw>
<status status="PASS" starttime="20210427 08:59:54.621" endtime="20210427 08:59:59.810"/>
</kw>
<kw name="the User Fill out the form with rating as a String">
<kw name="the User Fill out the form completely">
<kw name="Name" library="FakerLibrary">
<var>${INPUT.title}</var>
<doc>:example 'John Doe'</doc>
<msg timestamp="20210427 08:59:59.813" level="INFO">${INPUT.title} = George Bailey</msg>
<status status="PASS" starttime="20210427 08:59:59.812" endtime="20210427 08:59:59.813"/>
</kw>
<kw name="Paragraph" library="FakerLibrary">
<var>${INPUT.review}</var>
<doc>Generate a paragraph.</doc>
<msg timestamp="20210427 08:59:59.814" level="INFO">${INPUT.review} = Team and market point expert generation. Wide staff ball ask imagine. Minute sound mouth player leader. Society nice mention serious special pull.</msg>
<status status="PASS" starttime="20210427 08:59:59.814" endtime="20210427 08:59:59.814"/>
</kw>
<kw name="Paragraph" library="FakerLibrary">
<var>${INPUT.summary}</var>
<doc>Generate a paragraph.</doc>
<msg timestamp="20210427 08:59:59.815" level="INFO">${INPUT.summary} = Wait then along individual middle. Positive decade message ten citizen money.</msg>
<status status="PASS" starttime="20210427 08:59:59.815" endtime="20210427 08:59:59.815"/>
</kw>
<kw name="Random Digit Not Null Or Empty" library="FakerLibrary">
<var>${INPUT.rating}</var>
<doc>Generate a random non-zero digit (1 to 9) or an empty string.</doc>
<msg timestamp="20210427 08:59:59.816" level="INFO">${INPUT.rating} = 7</msg>
<status status="PASS" starttime="20210427 08:59:59.816" endtime="20210427 08:59:59.816"/>
</kw>
<kw name="Click book add button" library="library_page">
<kw name="Wait Until Element Is Enabled" library="SeleniumLibrary">
<arg>${add_button}</arg>
<doc>Waits until the element ``locator`` is enabled.</doc>
<status status="PASS" starttime="20210427 08:59:59.817" endtime="20210427 08:59:59.849"/>
</kw>
<kw name="Click Button" library="SeleniumLibrary">
<arg>${add_button}</arg>
<doc>Clicks the button identified by ``locator``.</doc>
<msg timestamp="20210427 08:59:59.850" level="INFO">Clicking button 'book-add'.</msg>
<status status="PASS" starttime="20210427 08:59:59.850" endtime="20210427 08:59:59.940"/>
</kw>
<status status="PASS" starttime="20210427 08:59:59.816" endtime="20210427 08:59:59.940"/>
</kw>
<kw name="Input the whole form with" library="add_books">
<arg>&amp;{INPUT}</arg>
<kw name="Input Title" library="bookscreate_page">
<arg>${input}[title]</arg>
<kw name="Wait Until Element Is Enabled" library="SeleniumLibrary">
<arg>${field_title}</arg>
<doc>Waits until the element ``locator`` is enabled.</doc>
<status status="PASS" starttime="20210427 08:59:59.941" endtime="20210427 08:59:59.971"/>
</kw>
<kw name="Input Text" library="SeleniumLibrary">
<arg>${field_title}</arg>
<arg>${title}</arg>
<doc>Types the given ``text`` into the text field identified by ``locator``.</doc>
<msg timestamp="20210427 08:59:59.972" level="INFO">Typing text 'George Bailey' into text field 'id_title'.</msg>
<status status="PASS" starttime="20210427 08:59:59.972" endtime="20210427 09:00:00.043"/>
</kw>
<status status="PASS" starttime="20210427 08:59:59.941" endtime="20210427 09:00:00.043"/>
</kw>
<kw name=" Input Summary" library="bookscreate_page">
<arg>${input}[summary]</arg>
<kw name="Wait Until Element Is Enabled" library="SeleniumLibrary">
<arg>${field_summary}</arg>
<doc>Waits until the element ``locator`` is enabled.</doc>
<status status="PASS" starttime="20210427 09:00:00.044" endtime="20210427 09:00:00.063"/>
</kw>
<kw name="Input Text" library="SeleniumLibrary">
<arg>${field_summary}</arg>
<arg>${summary}</arg>
<doc>Types the given ``text`` into the text field identified by ``locator``.</doc>
<msg timestamp="20210427 09:00:00.064" level="INFO">Typing text 'Wait then along individual middle. Positive decade message ten citizen money.' into text field 'id_summary'.</msg>
<status status="PASS" starttime="20210427 09:00:00.064" endtime="20210427 09:00:00.167"/>
</kw>
<status status="PASS" starttime="20210427 09:00:00.043" endtime="20210427 09:00:00.167"/>
</kw>
<kw name="Input Review" library="bookscreate_page">
<arg>${input}[review]</arg>
<kw name="Wait Until Element Is Enabled" library="SeleniumLibrary">
<arg>${field_review}</arg>
<doc>Waits until the element ``locator`` is enabled.</doc>
<status status="PASS" starttime="20210427 09:00:00.168" endtime="20210427 09:00:00.190"/>
</kw>
<kw name="Input Text" library="SeleniumLibrary">
<arg>${field_review}</arg>
<arg>${review}</arg>
<doc>Types the given ``text`` into the text field identified by ``locator``.</doc>
<msg timestamp="20210427 09:00:00.191" level="INFO">Typing text 'Team and market point expert generation. Wide staff ball ask imagine. Minute sound mouth player leader. Society nice mention serious special pull.' into text field 'id_review'.</msg>
<status status="PASS" starttime="20210427 09:00:00.190" endtime="20210427 09:00:00.359"/>
</kw>
<status status="PASS" starttime="20210427 09:00:00.167" endtime="20210427 09:00:00.359"/>
</kw>
<kw name="Input Rating" library="bookscreate_page">
<arg>${input}[rating]</arg>
<kw name="Wait Until Element Is Enabled" library="SeleniumLibrary">
<arg>${field_rating}</arg>
<doc>Waits until the element ``locator`` is enabled.</doc>
<status status="PASS" starttime="20210427 09:00:00.360" endtime="20210427 09:00:00.385"/>
</kw>
<kw name="Input Text" library="SeleniumLibrary">
<arg>${field_rating}</arg>
<arg>${rating}</arg>
<doc>Types the given ``text`` into the text field identified by ``locator``.</doc>
<msg timestamp="20210427 09:00:00.386" level="INFO">Typing text '7' into text field 'id_rating'.</msg>
<status status="PASS" starttime="20210427 09:00:00.385" endtime="20210427 09:00:00.451"/>
</kw>
<status status="PASS" starttime="20210427 09:00:00.359" endtime="20210427 09:00:00.452"/>
</kw>
<kw name="Select random Category" library="add_books">
<kw name="Get Category Count" library="bookscreate_page">
<var>${len}</var>
<kw name="Get Element Count" library="SeleniumLibrary">
<var>${count}</var>
<arg>${category_options}</arg>
<doc>Returns the number of elements matching ``locator``.</doc>
<msg timestamp="20210427 09:00:00.462" level="INFO">${count} = 5</msg>
<status status="PASS" starttime="20210427 09:00:00.452" endtime="20210427 09:00:00.462"/>
</kw>
<msg timestamp="20210427 09:00:00.462" level="INFO">${len} = 5</msg>
<status status="PASS" starttime="20210427 09:00:00.452" endtime="20210427 09:00:00.462"/>
</kw>
<kw name="Random Digit" library="FakerLibrary">
<var>${steps}</var>
<doc>Generate a random digit (0 to 9).</doc>
<msg timestamp="20210427 09:00:00.462" level="INFO">${steps} = 8</msg>
<status status="PASS" starttime="20210427 09:00:00.462" endtime="20210427 09:00:00.462"/>
</kw>
<kw name="Random Int" library="FakerLibrary">
<var>${val}</var>
<arg>min=1</arg>
<arg>max=${len}</arg>
<arg>step=${steps}</arg>
<doc>Generate a random integer between two integers ``min`` and ``max`` inclusive
while observing the provided ``step`` value.</doc>
<msg timestamp="20210427 09:00:00.463" level="INFO">${val} = 1</msg>
<status status="PASS" starttime="20210427 09:00:00.462" endtime="20210427 09:00:00.463"/>
</kw>
<kw name="Select a Category" library="bookscreate_page">
<arg>${val}</arg>
<kw name="Select From List By Value" library="SeleniumLibrary">
<arg>${select_category}</arg>
<arg>${value}</arg>
<doc>Selects options from selection list ``locator`` by ``values``.</doc>
<msg timestamp="20210427 09:00:00.464" level="INFO">Selecting options from selection list 'id_category' by value 1.</msg>
<status status="PASS" starttime="20210427 09:00:00.463" endtime="20210427 09:00:00.496"/>
</kw>
<status status="PASS" starttime="20210427 09:00:00.463" endtime="20210427 09:00:00.496"/>
</kw>
<kw name="Log" library="BuiltIn">
<arg>${val}</arg>
<doc>Logs the given message with the given level.</doc>
<msg timestamp="20210427 09:00:00.496" level="INFO">1</msg>
<status status="PASS" starttime="20210427 09:00:00.496" endtime="20210427 09:00:00.496"/>
</kw>
<kw name="Log" library="BuiltIn">
<arg>${steps}</arg>
<doc>Logs the given message with the given level.</doc>
<msg timestamp="20210427 09:00:00.496" level="INFO">8</msg>
<status status="PASS" starttime="20210427 09:00:00.496" endtime="20210427 09:00:00.496"/>
</kw>
<status status="PASS" starttime="20210427 09:00:00.452" endtime="20210427 09:00:00.497"/>
</kw>
<kw name="Select the condition" library="bookscreate_page">
<arg>1</arg>
<kw name="Select Radio Button" library="SeleniumLibrary">
<arg>condition</arg>
<arg>${value}</arg>
<doc>Sets the radio button group ``group_name`` to ``value``.</doc>
<msg timestamp="20210427 09:00:00.497" level="INFO">Selecting '1' from radio button 'condition'.</msg>
<status status="PASS" starttime="20210427 09:00:00.497" endtime="20210427 09:00:00.555"/>
</kw>
<status status="PASS" starttime="20210427 09:00:00.497" endtime="20210427 09:00:00.555"/>
</kw>
<status status="PASS" starttime="20210427 08:59:59.940" endtime="20210427 09:00:00.555"/>
</kw>
<status status="PASS" starttime="20210427 08:59:59.811" endtime="20210427 09:00:00.555"/>
</kw>
<kw name="Input Rating" library="bookscreate_page">
<arg>FakerLibrary.Word</arg>
<kw name="Wait Until Element Is Enabled" library="SeleniumLibrary">
<arg>${field_rating}</arg>
<doc>Waits until the element ``locator`` is enabled.</doc>
<status status="PASS" starttime="20210427 09:00:00.556" endtime="20210427 09:00:00.570"/>
</kw>
<kw name="Input Text" library="SeleniumLibrary">
<arg>${field_rating}</arg>
<arg>${rating}</arg>
<doc>Types the given ``text`` into the text field identified by ``locator``.</doc>
<msg timestamp="20210427 09:00:00.571" level="INFO">Typing text 'FakerLibrary.Word' into text field 'id_rating'.</msg>
<status status="PASS" starttime="20210427 09:00:00.570" endtime="20210427 09:00:00.628"/>
</kw>
<status status="PASS" starttime="20210427 09:00:00.555" endtime="20210427 09:00:00.628"/>
</kw>
<status status="PASS" starttime="20210427 08:59:59.810" endtime="20210427 09:00:00.628"/>
</kw>
<kw name="And Click Submit Add Button" library="bookscreate_page">
<kw name="Wait Until Element Is Enabled" library="SeleniumLibrary">
<arg>${button_add_submit}</arg>
<doc>Waits until the element ``locator`` is enabled.</doc>
<status status="PASS" starttime="20210427 09:00:00.629" endtime="20210427 09:00:00.655"/>
</kw>
<kw name="Click Button" library="SeleniumLibrary">
<arg>${button_add_submit}</arg>
<doc>Clicks the button identified by ``locator``.</doc>
<msg timestamp="20210427 09:00:00.656" level="INFO">Clicking button 'btn_submit'.</msg>
<status status="PASS" starttime="20210427 09:00:00.655" endtime="20210427 09:00:00.704"/>
</kw>
<status status="PASS" starttime="20210427 09:00:00.628" endtime="20210427 09:00:00.704"/>
</kw>
<kw name="Select random Category" library="add_books">
<kw name="Get Category Count" library="bookscreate_page">
<var>${len}</var>
<kw name="Get Element Count" library="SeleniumLibrary">
<var>${count}</var>
<arg>${category_options}</arg>
<doc>Returns the number of elements matching ``locator``.</doc>
<msg timestamp="20210427 09:00:00.731" level="INFO">${count} = 5</msg>
<status status="PASS" starttime="20210427 09:00:00.705" endtime="20210427 09:00:00.731"/>
</kw>
<msg timestamp="20210427 09:00:00.731" level="INFO">${len} = 5</msg>
<status status="PASS" starttime="20210427 09:00:00.705" endtime="20210427 09:00:00.731"/>
</kw>
<kw name="Random Digit" library="FakerLibrary">
<var>${steps}</var>
<doc>Generate a random digit (0 to 9).</doc>
<msg timestamp="20210427 09:00:00.731" level="INFO">${steps} = 4</msg>
<status status="PASS" starttime="20210427 09:00:00.731" endtime="20210427 09:00:00.731"/>
</kw>
<kw name="Random Int" library="FakerLibrary">
<var>${val}</var>
<arg>min=1</arg>
<arg>max=${len}</arg>
<arg>step=${steps}</arg>
<doc>Generate a random integer between two integers ``min`` and ``max`` inclusive
while observing the provided ``step`` value.</doc>
<msg timestamp="20210427 09:00:00.732" level="INFO">${val} = 1</msg>
<status status="PASS" starttime="20210427 09:00:00.731" endtime="20210427 09:00:00.732"/>
</kw>
<kw name="Select a Category" library="bookscreate_page">
<arg>${val}</arg>
<kw name="Select From List By Value" library="SeleniumLibrary">
<arg>${select_category}</arg>
<arg>${value}</arg>
<doc>Selects options from selection list ``locator`` by ``values``.</doc>
<msg timestamp="20210427 09:00:00.733" level="INFO">Selecting options from selection list 'id_category' by value 1.</msg>
[...]
<msg timestamp="20210427 09:00:52.682" level="INFO">Element '//a[contains(text(),"Log In")]' is displayed.</msg>
<status status="PASS" starttime="20210427 09:00:52.665" endtime="20210427 09:00:52.682"/>
</kw>
<status status="PASS" starttime="20210427 09:00:52.530" endtime="20210427 09:00:52.682"/>
</kw>
<status status="PASS" starttime="20210427 09:00:52.430" endtime="20210427 09:00:52.682"/>
</kw>
<kw name="When Input Username and Password" library="login">
<arg>${INVALID}</arg>
<arg>${INVALID}</arg>
<kw name="Input Username" library="login_page">
<arg>${username}</arg>
<kw name="Wait Until Element Is Visible" library="SeleniumLibrary">
<arg>${FIELD_USERNAME}</arg>
<doc>Waits until the element ``locator`` is visible.</doc>
<status status="PASS" starttime="20210427 09:00:52.683" endtime="20210427 09:00:52.700"/>
</kw>
<kw name="Input Text" library="SeleniumLibrary">
<arg>${FIELD_USERNAME}</arg>
<arg>${username}</arg>
<doc>Types the given ``text`` into the text field identified by ``locator``.</doc>
<msg timestamp="20210427 09:00:52.701" level="INFO">Typing text 'wrongpass' into text field 'id_login'.</msg>
<status status="PASS" starttime="20210427 09:00:52.700" endtime="20210427 09:00:52.788"/>
</kw>
<status status="PASS" starttime="20210427 09:00:52.683" endtime="20210427 09:00:52.788"/>
</kw>
<kw name="Login Button Should Be Enabled" library="login_page">
<kw name="Wait Until Element Is Enabled" library="SeleniumLibrary">
<arg>${BUTTON_SUBMIT}</arg>
<doc>Waits until the element ``locator`` is enabled.</doc>
<status status="PASS" starttime="20210427 09:00:52.789" endtime="20210427 09:00:52.809"/>
</kw>
<kw name="Element Should Be Enabled" library="SeleniumLibrary">
<arg>${BUTTON_SUBMIT}</arg>
<doc>Verifies that element identified by ``locator`` is enabled.</doc>
<status status="PASS" starttime="20210427 09:00:52.809" endtime="20210427 09:00:52.827"/>
</kw>
<status status="PASS" starttime="20210427 09:00:52.788" endtime="20210427 09:00:52.827"/>
</kw>
<kw name="Input Password" library="login_page">
<arg>${password}</arg>
<kw name="Wait Until Element Is Visible" library="SeleniumLibrary">
<arg>${FIELD_PASSWORD}</arg>
<doc>Waits until the element ``locator`` is visible.</doc>
<status status="PASS" starttime="20210427 09:00:52.828" endtime="20210427 09:00:52.843"/>
</kw>
<kw name="Input Text" library="SeleniumLibrary">
<arg>${FIELD_PASSWORD}</arg>
<arg>${password}</arg>
<doc>Types the given ``text`` into the text field identified by ``locator``.</doc>
<msg timestamp="20210427 09:00:52.844" level="INFO">Typing text 'wrongpass' into text field 'id_password'.</msg>
<status status="PASS" starttime="20210427 09:00:52.844" endtime="20210427 09:00:52.917"/>
</kw>
<status status="PASS" starttime="20210427 09:00:52.827" endtime="20210427 09:00:52.917"/>
</kw>
<status status="PASS" starttime="20210427 09:00:52.682" endtime="20210427 09:00:52.917"/>
</kw>
<kw name="And Click Login Button" library="login_page">
<kw name="Wait Until Element Is Enabled" library="SeleniumLibrary">
<arg>${BUTTON_SUBMIT}</arg>
<doc>Waits until the element ``locator`` is enabled.</doc>
<status status="PASS" starttime="20210427 09:00:52.918" endtime="20210427 09:00:52.936"/>
</kw>
<kw name="Click Element" library="SeleniumLibrary">
<arg>${BUTTON_SUBMIT}</arg>
<doc>Click the element identified by ``locator``.</doc>
<msg timestamp="20210427 09:00:52.936" level="INFO">Clicking element '//button[contains(text(),"Log ")]'.</msg>
<status status="PASS" starttime="20210427 09:00:52.936" endtime="20210427 09:00:53.165"/>
</kw>
<status status="PASS" starttime="20210427 09:00:52.917" endtime="20210427 09:00:53.165"/>
</kw>
<kw name="Then Error Message Displayed" library="login_page">
<kw name="Wait Until Element Is Enabled" library="SeleniumLibrary">
<arg>${ERROR_MESSAGE}</arg>
<doc>Waits until the element ``locator`` is enabled.</doc>
<status status="PASS" starttime="20210427 09:00:53.165" endtime="20210427 09:00:53.186"/>
</kw>
<kw name="Element Should Be Visible" library="SeleniumLibrary">
<arg>${ERROR_MESSAGE}</arg>
<doc>Verifies that the element identified by ``locator`` is visible.</doc>
<msg timestamp="20210427 09:00:53.202" level="INFO">Element '//div/ul/li[contains(text(),"The ")]' is displayed.</msg>
<status status="PASS" starttime="20210427 09:00:53.186" endtime="20210427 09:00:53.202"/>
</kw>
<status status="PASS" starttime="20210427 09:00:53.165" endtime="20210427 09:00:53.202"/>
</kw>
<kw name="Close Browser" library="SeleniumLibrary" type="TEARDOWN">
<doc>Closes the current browser.</doc>
<status status="PASS" starttime="20210427 09:00:53.202" endtime="20210427 09:00:53.257"/>
</kw>
<status status="PASS" starttime="20210427 09:00:49.058" endtime="20210427 09:00:53.257"/>
</test>
<test id="s1-s4-t4" name="Scenario: Skipping Login page by Click Library Link">
<kw name="Open Login Page using Chrome Browser" library="resources" type="SETUP">
<kw name="Open Browser" library="SeleniumLibrary">
<arg>${loginpage}</arg>
<arg>Chrome</arg>
<doc>Opens a new browser instance to the optional ``url``.</doc>
<msg timestamp="20210427 09:00:53.259" level="INFO">Opening browser 'Chrome' to base url 'http://localhost:8000/accounts/login'.</msg>
<status status="PASS" starttime="20210427 09:00:53.259" endtime="20210427 09:00:56.207"/>
</kw>
<kw name="Maximize Browser Window" library="SeleniumLibrary">
<doc>Maximizes current browser window.</doc>
<status status="PASS" starttime="20210427 09:00:56.207" endtime="20210427 09:00:56.316"/>
</kw>
<status status="PASS" starttime="20210427 09:00:53.258" endtime="20210427 09:00:56.316"/>
</kw>
<kw name="Given Login Page Opened" library="login_page">
<kw name="Wait Until Element Is Visible" library="SeleniumLibrary">
<arg>${FIELD_USERNAME}</arg>
<doc>Waits until the element ``locator`` is visible.</doc>
<status status="PASS" starttime="20210427 09:00:56.317" endtime="20210427 09:00:56.339"/>
</kw>
<kw name="Element Should Be Visible" library="SeleniumLibrary">
<arg>${FIELD_USERNAME}</arg>
<doc>Verifies that the element identified by ``locator`` is visible.</doc>
<msg timestamp="20210427 09:00:56.356" level="INFO">Element 'id_login' is displayed.</msg>
<status status="PASS" starttime="20210427 09:00:56.339" endtime="20210427 09:00:56.356"/>
</kw>
<kw name="Wait Until Element Is Visible" library="SeleniumLibrary">
<arg>${FIELD_PASSWORD}</arg>
<doc>Waits until the element ``locator`` is visible.</doc>
<status status="PASS" starttime="20210427 09:00:56.356" endtime="20210427 09:00:56.373"/>
</kw>
<kw name="Element Should Be Visible" library="SeleniumLibrary">
<arg>${FIELD_PASSWORD}</arg>
<doc>Verifies that the element identified by ``locator`` is visible.</doc>
<msg timestamp="20210427 09:00:56.388" level="INFO">Element 'id_password' is displayed.</msg>
<status status="PASS" starttime="20210427 09:00:56.374" endtime="20210427 09:00:56.388"/>
</kw>
<kw name="Wait Until Element Is Visible" library="SeleniumLibrary">
<arg>${BUTTON_SUBMIT}</arg>
<doc>Waits until the element ``locator`` is visible.</doc>
<status status="PASS" starttime="20210427 09:00:56.388" endtime="20210427 09:00:56.406"/>
</kw>
<kw name="Element Should Be Visible" library="SeleniumLibrary">
<arg>${BUTTON_SUBMIT}</arg>
<doc>Verifies that the element identified by ``locator`` is visible.</doc>
<msg timestamp="20210427 09:00:56.419" level="INFO">Element '//button[contains(text(),"Log ")]' is displayed.</msg>
<status status="PASS" starttime="20210427 09:00:56.406" endtime="20210427 09:00:56.419"/>
</kw>
<kw name="Navbar Links is ready" library="navbar_links">
<kw name="Wait Until Element Is Visible" library="SeleniumLibrary">
<arg>${LINK_HOME}</arg>
<doc>Waits until the element ``locator`` is visible.</doc>
<status status="PASS" starttime="20210427 09:00:56.420" endtime="20210427 09:00:56.438"/>
</kw>
<kw name="Element Should Be Visible" library="SeleniumLibrary">
<arg>${LINK_HOME}</arg>
<doc>Verifies that the element identified by ``locator`` is visible.</doc>
<msg timestamp="20210427 09:00:56.452" level="INFO">Element '//a[contains(text(),"Library")]' is displayed.</msg>
<status status="PASS" starttime="20210427 09:00:56.438" endtime="20210427 09:00:56.452"/>
</kw>
<kw name="Wait Until Element Is Visible" library="SeleniumLibrary">
<arg>${LINK_BOOKS}</arg>
<doc>Waits until the element ``locator`` is visible.</doc>
<status status="PASS" starttime="20210427 09:00:56.453" endtime="20210427 09:00:56.469"/>
</kw>
<kw name="Element Should Be Visible" library="SeleniumLibrary">
<arg>${LINK_BOOKS}</arg>
<doc>Verifies that the element identified by ``locator`` is visible.</doc>
<msg timestamp="20210427 09:00:56.484" level="INFO">Element '//a[contains(text(),"Books")]' is displayed.</msg>
<status status="PASS" starttime="20210427 09:00:56.469" endtime="20210427 09:00:56.484"/>
</kw>
<kw name="Wait Until Element Is Visible" library="SeleniumLibrary">
<arg>${LINK_SIGNUP}</arg>
<doc>Waits until the element ``locator`` is visible.</doc>
<status status="PASS" starttime="20210427 09:00:56.484" endtime="20210427 09:00:56.500"/>
</kw>
<kw name="Element Should Be Visible" library="SeleniumLibrary">
<arg>${LINK_SIGNUP}</arg>
<doc>Verifies that the element identified by ``locator`` is visible.</doc>
<msg timestamp="20210427 09:00:56.512" level="INFO">Element '//a[contains(text(),"Sign Up")]' is displayed.</msg>
<status status="PASS" starttime="20210427 09:00:56.500" endtime="20210427 09:00:56.512"/>
</kw>
<kw name="Wait Until Element Is Visible" library="SeleniumLibrary">
<arg>${LINK_LOGIN}</arg>
<doc>Waits until the element ``locator`` is visible.</doc>
<status status="PASS" starttime="20210427 09:00:56.512" endtime="20210427 09:00:56.528"/>
</kw>
<kw name="Element Should Be Visible" library="SeleniumLibrary">
<arg>${LINK_LOGIN}</arg>
<doc>Verifies that the element identified by ``locator`` is visible.</doc>
<msg timestamp="20210427 09:00:56.542" level="INFO">Element '//a[contains(text(),"Log In")]' is displayed.</msg>
<status status="PASS" starttime="20210427 09:00:56.528" endtime="20210427 09:00:56.542"/>
</kw>
<status status="PASS" starttime="20210427 09:00:56.420" endtime="20210427 09:00:56.542"/>
</kw>
<status status="PASS" starttime="20210427 09:00:56.316" endtime="20210427 09:00:56.542"/>
</kw>
<kw name="When Click Library Link" library="navbar_links">
<kw name="Wait Until Element Is Enabled" library="SeleniumLibrary">
<arg>${LINK_HOME}</arg>
<doc>Waits until the element ``locator`` is enabled.</doc>
<status status="PASS" starttime="20210427 09:00:56.543" endtime="20210427 09:00:56.560"/>
</kw>
<kw name="Click Element" library="SeleniumLibrary">
<arg>${LINK_HOME}</arg>
<doc>Click the element identified by ``locator``.</doc>
<msg timestamp="20210427 09:00:56.561" level="INFO">Clicking element '//a[contains(text(),"Library")]'.</msg>
<status status="PASS" starttime="20210427 09:00:56.560" endtime="20210427 09:00:57.185"/>
</kw>
<status status="PASS" starttime="20210427 09:00:56.542" endtime="20210427 09:00:57.185"/>
</kw>
<kw name="Then Displayed Not logged in message" library="library_page">
<kw name="Wait Until Element Is Enabled" library="SeleniumLibrary">
<arg>${p_notlogin}</arg>
<doc>Waits until the element ``locator`` is enabled.</doc>
<status status="PASS" starttime="20210427 09:00:57.186" endtime="20210427 09:00:57.226"/>
</kw>
<kw name="Element Should Be Enabled" library="SeleniumLibrary">
<arg>${p_notlogin}</arg>
<doc>Verifies that element identified by ``locator`` is enabled.</doc>
<status status="PASS" starttime="20210427 09:00:57.226" endtime="20210427 09:00:57.249"/>
</kw>
<status status="PASS" starttime="20210427 09:00:57.186" endtime="20210427 09:00:57.249"/>
</kw>
<kw name="Close Browser" library="SeleniumLibrary" type="TEARDOWN">
<doc>Closes the current browser.</doc>
<status status="PASS" starttime="20210427 09:00:57.250" endtime="20210427 09:00:57.306"/>
</kw>
<status status="PASS" starttime="20210427 09:00:53.258" endtime="20210427 09:00:57.306"/>
</test>
<test id="s1-s4-t5" name="Scenario: Skipping Login page by changing url to /library/books/create">
<kw name="Open Login Page using Chrome Browser" library="resources" type="SETUP">
<kw name="Open Browser" library="SeleniumLibrary">
<arg>${loginpage}</arg>
<arg>Chrome</arg>
<doc>Opens a new browser instance to the optional ``url``.</doc>
<msg timestamp="20210427 09:00:57.307" level="INFO">Opening browser 'Chrome' to base url 'http://localhost:8000/accounts/login'.</msg>
<status status="PASS" starttime="20210427 09:00:57.307" endtime="20210427 09:01:00.166"/>
</kw>
<kw name="Maximize Browser Window" library="SeleniumLibrary">
<doc>Maximizes current browser window.</doc>
<status status="PASS" starttime="20210427 09:01:00.166" endtime="20210427 09:01:00.275"/>
</kw>
<status status="PASS" starttime="20210427 09:00:57.307" endtime="20210427 09:01:00.275"/>
</kw>
<kw name="Given Login Page Opened" library="login_page">
<kw name="Wait Until Element Is Visible" library="SeleniumLibrary">
<arg>${FIELD_USERNAME}</arg>
<doc>Waits until the element ``locator`` is visible.</doc>
<status status="PASS" starttime="20210427 09:01:00.276" endtime="20210427 09:01:00.298"/>
</kw>
<kw name="Element Should Be Visible" library="SeleniumLibrary">
<arg>${FIELD_USERNAME}</arg>
<doc>Verifies that the element identified by ``locator`` is visible.</doc>
<msg timestamp="20210427 09:01:00.314" level="INFO">Element 'id_login' is displayed.</msg>
<status status="PASS" starttime="20210427 09:01:00.298" endtime="20210427 09:01:00.314"/>
</kw>
<kw name="Wait Until Element Is Visible" library="SeleniumLibrary">
<arg>${FIELD_PASSWORD}</arg>
<doc>Waits until the element ``locator`` is visible.</doc>
<status status="PASS" starttime="20210427 09:01:00.314" endtime="20210427 09:01:00.331"/>
</kw>
<kw name="Element Should Be Visible" library="SeleniumLibrary">
<arg>${FIELD_PASSWORD}</arg>
<doc>Verifies that the element identified by ``locator`` is visible.</doc>
<msg timestamp="20210427 09:01:00.345" level="INFO">Element 'id_password' is displayed.</msg>
<status status="PASS" starttime="20210427 09:01:00.332" endtime="20210427 09:01:00.346"/>
</kw>
<kw name="Wait Until Element Is Visible" library="SeleniumLibrary">
<arg>${BUTTON_SUBMIT}</arg>
<doc>Waits until the element ``locator`` is visible.</doc>
<status status="PASS" starttime="20210427 09:01:00.346" endtime="20210427 09:01:00.364"/>
</kw>
<kw name="Element Should Be Visible" library="SeleniumLibrary">
<arg>${BUTTON_SUBMIT}</arg>
<doc>Verifies that the element identified by ``locator`` is visible.</doc>
<msg timestamp="20210427 09:01:00.378" level="INFO">Element '//button[contains(text(),"Log ")]' is displayed.</msg>
<status status="PASS" starttime="20210427 09:01:00.364" endtime="20210427 09:01:00.378"/>
</kw>
<kw name="Navbar Links is ready" library="navbar_links">
<kw name="Wait Until Element Is Visible" library="SeleniumLibrary">
<arg>${LINK_HOME}</arg>
<doc>Waits until the element ``locator`` is visible.</doc>
<status status="PASS" starttime="20210427 09:01:00.378" endtime="20210427 09:01:00.395"/>
</kw>
<kw name="Element Should Be Visible" library="SeleniumLibrary">
<arg>${LINK_HOME}</arg>
<doc>Verifies that the element identified by ``locator`` is visible.</doc>
<msg timestamp="20210427 09:01:00.409" level="INFO">Element '//a[contains(text(),"Library")]' is displayed.</msg>
<status status="PASS" starttime="20210427 09:01:00.395" endtime="20210427 09:01:00.409"/>
</kw>
<kw name="Wait Until Element Is Visible" library="SeleniumLibrary">
<arg>${LINK_BOOKS}</arg>
<doc>Waits until the element ``locator`` is visible.</doc>
<status status="PASS" starttime="20210427 09:01:00.409" endtime="20210427 09:01:00.426"/>
</kw>
<kw name="Element Should Be Visible" library="SeleniumLibrary">
<arg>${LINK_BOOKS}</arg>
<doc>Verifies that the element identified by ``locator`` is visible.</doc>
<msg timestamp="20210427 09:01:00.440" level="INFO">Element '//a[contains(text(),"Books")]' is displayed.</msg>
<status status="PASS" starttime="20210427 09:01:00.426" endtime="20210427 09:01:00.440"/>
</kw>
<kw name="Wait Until Element Is Visible" library="SeleniumLibrary">
<arg>${LINK_SIGNUP}</arg>
<doc>Waits until the element ``locator`` is visible.</doc>
<status status="PASS" starttime="20210427 09:01:00.440" endtime="20210427 09:01:00.457"/>
</kw>
<kw name="Element Should Be Visible" library="SeleniumLibrary">
<arg>${LINK_SIGNUP}</arg>
<doc>Verifies that the element identified by ``locator`` is visible.</doc>
<msg timestamp="20210427 09:01:00.472" level="INFO">Element '//a[contains(text(),"Sign Up")]' is displayed.</msg>
<status status="PASS" starttime="20210427 09:01:00.457" endtime="20210427 09:01:00.472"/>
</kw>
<kw name="Wait Until Element Is Visible" library="SeleniumLibrary">
<arg>${LINK_LOGIN}</arg>
<doc>Waits until the element ``locator`` is visible.</doc>
<status status="PASS" starttime="20210427 09:01:00.473" endtime="20210427 09:01:00.490"/>
</kw>
<kw name="Element Should Be Visible" library="SeleniumLibrary">
<arg>${LINK_LOGIN}</arg>
<doc>Verifies that the element identified by ``locator`` is visible.</doc>
<msg timestamp="20210427 09:01:00.504" level="INFO">Element '//a[contains(text(),"Log In")]' is displayed.</msg>
<status status="PASS" starttime="20210427 09:01:00.490" endtime="20210427 09:01:00.504"/>
</kw>
<status status="PASS" starttime="20210427 09:01:00.378" endtime="20210427 09:01:00.504"/>
</kw>
<status status="PASS" starttime="20210427 09:01:00.276" endtime="20210427 09:01:00.505"/>
</kw>
<kw name="When Open Books create Page using Chrome Browser" library="resources">
<kw name="Open Browser" library="SeleniumLibrary">
<arg>${mainpage}books/create</arg>
<arg>Chrome</arg>
<doc>Opens a new browser instance to the optional ``url``.</doc>
<msg timestamp="20210427 09:01:00.505" level="INFO">Opening browser 'Chrome' to base url 'http://localhost:8000/library/books/create'.</msg>
<status status="PASS" starttime="20210427 09:01:00.505" endtime="20210427 09:01:02.664"/>
</kw>
<status status="PASS" starttime="20210427 09:01:00.505" endtime="20210427 09:01:02.664"/>
</kw>
<kw name="Then Displayed 404 Message" library="bookscreate_page">
<kw name="Wait Until Element Is Enabled" library="SeleniumLibrary">
<arg>${404message}</arg>
<doc>Waits until the element ``locator`` is enabled.</doc>
<status status="PASS" starttime="20210427 09:01:02.665" endtime="20210427 09:01:02.695"/>
</kw>
<kw name="Element Should Contain" library="SeleniumLibrary">
<arg>${404message}</arg>
<arg>Page not found</arg>
<doc>Verifies that element ``locator`` contains text ``expected``.</doc>
<msg timestamp="20210427 09:01:02.710" level="INFO">Element '//h1[contains(text(),"Page ")]' contains text 'Page not found'.</msg>
<status status="PASS" starttime="20210427 09:01:02.695" endtime="20210427 09:01:02.710"/>
</kw>
<status status="PASS" starttime="20210427 09:01:02.665" endtime="20210427 09:01:02.710"/>
</kw>
<kw name="Close Browser" library="SeleniumLibrary" type="TEARDOWN">
<doc>Closes the current browser.</doc>
<status status="PASS" starttime="20210427 09:01:02.711" endtime="20210427 09:01:02.818"/>
</kw>
<status status="PASS" starttime="20210427 09:00:57.306" endtime="20210427 09:01:02.818"/>
</test>
<doc>Testing the signup page</doc>
<status status="PASS" starttime="20210427 09:00:38.624" endtime="20210427 09:01:02.819"/>
</suite>
<status status="PASS" starttime="20210427 08:59:30.445" endtime="20210427 09:01:02.821"/>
</suite>
<statistics>
<total>
<stat pass="17" fail="0" skip="0">All Tests</stat>
</total>
<tag>
</tag>
<suite>
<stat pass="17" fail="0" skip="0" id="s1" name="Test">Test</stat>
<stat pass="5" fail="0" skip="0" id="s1-s1" name="Test Book Create">Test.Test Book Create</stat>
<stat pass="1" fail="0" skip="0" id="s1-s2" name="Test Book Delete">Test.Test Book Delete</stat>
<stat pass="6" fail="0" skip="0" id="s1-s3" name="Test Book Edit">Test.Test Book Edit</stat>
<stat pass="5" fail="0" skip="0" id="s1-s4" name="Test Login">Test.Test Login</stat>
</suite>
</statistics>
<errors>
</errors>
</robot>
